[0.108s] Invoking command in '/home/bfmadera/ros2_ws/build/polygon_base': /usr/bin/cmake --build /home/bfmadera/ros2_ws/build/polygon_base -- -j8 -l8
[0.150s] -- Found ament_cmake: 1.3.7 (/opt/ros/humble/share/ament_cmake/cmake)
[0.350s] -- Found ament_lint_auto: 0.12.10 (/opt/ros/humble/share/ament_lint_auto/cmake)
[0.350s] [0mCMake Error: File /home/bfmadera/ros2_ws/src/polygon_base/package.xml does not exist.[0m
[0.350s] [31mCMake Error at /opt/ros/humble/share/ament_cmake_core/cmake/core/stamp.cmake:24 (configure_file):
[0.350s]   configure_file Problem configuring file
[0.350s] Call Stack (most recent call first):
[0.350s]   /opt/ros/humble/share/ament_cmake_core/cmake/core/ament_package_xml.cmake:73 (stamp)
[0.350s]   /opt/ros/humble/share/ament_cmake_core/cmake/core/ament_package_xml.cmake:49 (_ament_package_xml)
[0.350s]   /opt/ros/humble/share/ament_lint_auto/cmake/ament_lint_auto_find_test_dependencies.cmake:31 (ament_package_xml)
[0.351s]   CMakeLists.txt:9 (ament_lint_auto_find_test_dependencies)
[0.351s] 
[0.351s] [0m
[0.351s] [0mCMake Error: File /home/bfmadera/ros2_ws/src/polygon_base/package.xml does not exist.[0m
[0.351s] [31mCMake Error at /opt/ros/humble/share/ament_cmake_core/cmake/core/stamp.cmake:24 (configure_file):
[0.351s]   configure_file Problem configuring file
[0.351s] Call Stack (most recent call first):
[0.351s]   /opt/ros/humble/share/ament_cmake_core/cmake/core/ament_package_xml.cmake:73 (stamp)
[0.351s]   /opt/ros/humble/share/ament_cmake_core/cmake/core/ament_package_xml.cmake:49 (_ament_package_xml)
[0.351s]   /opt/ros/humble/share/ament_cmake_core/cmake/core/ament_package.cmake:63 (ament_package_xml)
[0.351s]   CMakeLists.txt:12 (ament_package)
[0.351s] 
[0.351s] [0m
[0.353s] -- Configuring incomplete, errors occurred!
[0.353s] See also "/home/bfmadera/ros2_ws/build/polygon_base/CMakeFiles/CMakeOutput.log".
[0.355s] gmake: *** [Makefile:226: cmake_check_build_system] Error 1
[0.357s] Invoked command in '/home/bfmadera/ros2_ws/build/polygon_base' returned '2': /usr/bin/cmake --build /home/bfmadera/ros2_ws/build/polygon_base -- -j8 -l8
