[0.188s] Invoking command in '/home/bfmadera/ros2_ws/build/tutorial_interfaces': CMAKE_PREFIX_PATH=/opt/ros/humble:${CMAKE_PREFIX_PATH} /usr/bin/cmake --build /home/bfmadera/ros2_ws/build/tutorial_interfaces -- -j8 -l8
[1.655s] -- Found ament_cmake: 1.3.6 (/opt/ros/humble/share/ament_cmake/cmake)
[2.321s] -- Found geometry_msgs: 4.2.3 (/opt/ros/humble/share/geometry_msgs/cmake)
[2.688s] -- Found rosidl_generator_c: 3.1.5 (/opt/ros/humble/share/rosidl_generator_c/cmake)
[2.718s] -- Found rosidl_adapter: 3.1.5 (/opt/ros/humble/share/rosidl_adapter/cmake)
[2.780s] -- Found rosidl_generator_cpp: 3.1.5 (/opt/ros/humble/share/rosidl_generator_cpp/cmake)
[2.869s] -- Using all available rosidl_typesupport_c: rosidl_typesupport_fastrtps_c;rosidl_typesupport_introspection_c
[2.984s] -- Using all available rosidl_typesupport_cpp: rosidl_typesupport_fastrtps_cpp;rosidl_typesupport_introspection_cpp
[3.353s] -- Found rosidl_default_generators: 1.2.0 (/opt/ros/humble/share/rosidl_default_generators/cmake)
[3.846s] -- Found ament_cmake_ros: 0.10.0 (/opt/ros/humble/share/ament_cmake_ros/cmake)
[4.398s] -- Using all available rosidl_typesupport_c: rosidl_typesupport_fastrtps_c;rosidl_typesupport_introspection_c
[4.575s] -- Using all available rosidl_typesupport_cpp: rosidl_typesupport_fastrtps_cpp;rosidl_typesupport_introspection_cpp
[4.626s] -- Found python_cmake_module: 0.10.0 (/opt/ros/humble/share/python_cmake_module/cmake)
[4.755s] -- Using PYTHON_EXECUTABLE: /usr/bin/python3
[4.755s] -- Using PYTHON_INCLUDE_DIRS: /usr/include/python3.10
[4.756s] -- Using PYTHON_LIBRARIES: /usr/lib/x86_64-linux-gnu/libpython3.10.so
[4.813s] -- Found ament_lint_auto: 0.12.9 (/opt/ros/humble/share/ament_lint_auto/cmake)
[5.013s] -- Added test 'lint_cmake' to check CMake code style
[5.018s] -- Added test 'xmllint' to check XML markup files
[5.024s] -- Configuring done
[5.779s] -- Generating done
[5.784s] -- Build files have been written to: /home/bfmadera/ros2_ws/build/tutorial_interfaces
[5.826s] [  2%] Built target tutorial_interfaces__cpp
[5.840s] [35m[1mConsolidate compiler generated dependencies of target tutorial_interfaces__rosidl_generator_c[0m
[5.868s] [35m[1mConsolidate compiler generated dependencies of target tutorial_interfaces__rosidl_typesupport_cpp[0m
[5.870s] [35m[1mConsolidate compiler generated dependencies of target tutorial_interfaces__rosidl_typesupport_fastrtps_cpp[0m
[5.870s] [35m[1mConsolidate compiler generated dependencies of target tutorial_interfaces__rosidl_typesupport_introspection_cpp[0m
[6.215s] [ 12%] Built target tutorial_interfaces__rosidl_generator_c
[6.228s] [ 12%] Built target ament_cmake_python_copy_tutorial_interfaces
[6.249s] [35m[1mConsolidate compiler generated dependencies of target tutorial_interfaces__rosidl_typesupport_c[0m
[6.249s] [35m[1mConsolidate compiler generated dependencies of target tutorial_interfaces__rosidl_typesupport_introspection_c[0m
[6.260s] [ 23%] Built target tutorial_interfaces__rosidl_typesupport_cpp
[6.261s] [ 34%] Built target tutorial_interfaces__rosidl_typesupport_introspection_cpp
[6.264s] [ 44%] Built target tutorial_interfaces__rosidl_typesupport_c
[6.270s] [35m[1mConsolidate compiler generated dependencies of target tutorial_interfaces__rosidl_typesupport_fastrtps_c[0m
[6.279s] [ 65%] Built target tutorial_interfaces__rosidl_typesupport_introspection_c
[6.279s] [ 65%] Built target tutorial_interfaces__rosidl_typesupport_fastrtps_cpp
[6.291s] [ 76%] Built target tutorial_interfaces__rosidl_typesupport_fastrtps_c
[6.314s] [ 76%] Built target tutorial_interfaces
[6.339s] [ 78%] Built target tutorial_interfaces__py
[6.352s] [35m[1mConsolidate compiler generated dependencies of target tutorial_interfaces__rosidl_generator_py[0m
[6.470s] [ 87%] Built target tutorial_interfaces__rosidl_generator_py
[6.482s] [35m[1mConsolidate compiler generated dependencies of target tutorial_interfaces__rosidl_typesupport_c__pyext[0m
[6.483s] [35m[1mConsolidate compiler generated dependencies of target tutorial_interfaces__rosidl_typesupport_fastrtps_c__pyext[0m
[6.483s] [35m[1mConsolidate compiler generated dependencies of target tutorial_interfaces__rosidl_typesupport_introspection_c__pyext[0m
[6.498s] [ 95%] Built target tutorial_interfaces__rosidl_typesupport_introspection_c__pyext
[6.498s] [ 95%] Built target tutorial_interfaces__rosidl_typesupport_fastrtps_c__pyext
[6.498s] [100%] Built target tutorial_interfaces__rosidl_typesupport_c__pyext
[6.636s] running egg_info
[6.638s] writing tutorial_interfaces.egg-info/PKG-INFO
[6.638s] writing dependency_links to tutorial_interfaces.egg-info/dependency_links.txt
[6.639s] writing top-level names to tutorial_interfaces.egg-info/top_level.txt
[6.666s] reading manifest file 'tutorial_interfaces.egg-info/SOURCES.txt'
[6.669s] writing manifest file 'tutorial_interfaces.egg-info/SOURCES.txt'
[6.712s] [100%] Built target ament_cmake_python_build_tutorial_interfaces_egg
[6.727s] Invoked command in '/home/bfmadera/ros2_ws/build/tutorial_interfaces' returned '0': CMAKE_PREFIX_PATH=/opt/ros/humble:${CMAKE_PREFIX_PATH} /usr/bin/cmake --build /home/bfmadera/ros2_ws/build/tutorial_interfaces -- -j8 -l8
[6.865s] Invoking command in '/home/bfmadera/ros2_ws/build/tutorial_interfaces': CMAKE_PREFIX_PATH=/opt/ros/humble:${CMAKE_PREFIX_PATH} /usr/bin/cmake --install /home/bfmadera/ros2_ws/build/tutorial_interfaces
[6.875s] -- Install configuration: ""
[6.876s] -- Up-to-date: /home/bfmadera/ros2_ws/install/tutorial_interfaces/share/ament_index/resource_index/rosidl_interfaces/tutorial_interfaces
[6.876s] -- Up-to-date: /home/bfmadera/ros2_ws/install/tutorial_interfaces/include/tutorial_interfaces/tutorial_interfaces
[6.876s] -- Up-to-date: /home/bfmadera/ros2_ws/install/tutorial_interfaces/include/tutorial_interfaces/tutorial_interfaces/msg
[6.876s] -- Up-to-date: /home/bfmadera/ros2_ws/install/tutorial_interfaces/include/tutorial_interfaces/tutorial_interfaces/msg/rosidl_generator_c__visibility_control.h
[6.876s] -- Up-to-date: /home/bfmadera/ros2_ws/install/tutorial_interfaces/include/tutorial_interfaces/tutorial_interfaces/msg/sphere.h
[6.876s] -- Up-to-date: /home/bfmadera/ros2_ws/install/tutorial_interfaces/include/tutorial_interfaces/tutorial_interfaces/msg/num.h
[6.876s] -- Up-to-date: /home/bfmadera/ros2_ws/install/tutorial_interfaces/include/tutorial_interfaces/tutorial_interfaces/msg/detail
[6.877s] -- Up-to-date: /home/bfmadera/ros2_ws/install/tutorial_interfaces/include/tutorial_interfaces/tutorial_interfaces/msg/detail/num__functions.c
[6.877s] -- Up-to-date: /home/bfmadera/ros2_ws/install/tutorial_interfaces/include/tutorial_interfaces/tutorial_interfaces/msg/detail/num__functions.h
[6.877s] -- Up-to-date: /home/bfmadera/ros2_ws/install/tutorial_interfaces/include/tutorial_interfaces/tutorial_interfaces/msg/detail/num__struct.h
[6.877s] -- Up-to-date: /home/bfmadera/ros2_ws/install/tutorial_interfaces/include/tutorial_interfaces/tutorial_interfaces/msg/detail/sphere__functions.c
[6.877s] -- Up-to-date: /home/bfmadera/ros2_ws/install/tutorial_interfaces/include/tutorial_interfaces/tutorial_interfaces/msg/detail/sphere__type_support.h
[6.877s] -- Up-to-date: /home/bfmadera/ros2_ws/install/tutorial_interfaces/include/tutorial_interfaces/tutorial_interfaces/msg/detail/sphere__struct.h
[6.877s] -- Up-to-date: /home/bfmadera/ros2_ws/install/tutorial_interfaces/include/tutorial_interfaces/tutorial_interfaces/msg/detail/sphere__functions.h
[6.877s] -- Up-to-date: /home/bfmadera/ros2_ws/install/tutorial_interfaces/include/tutorial_interfaces/tutorial_interfaces/msg/detail/num__type_support.h
[6.878s] -- Up-to-date: /home/bfmadera/ros2_ws/install/tutorial_interfaces/include/tutorial_interfaces/tutorial_interfaces/srv
[6.878s] -- Up-to-date: /home/bfmadera/ros2_ws/install/tutorial_interfaces/include/tutorial_interfaces/tutorial_interfaces/srv/detail
[6.878s] -- Up-to-date: /home/bfmadera/ros2_ws/install/tutorial_interfaces/include/tutorial_interfaces/tutorial_interfaces/srv/detail/add_three_ints__functions.h
[6.878s] -- Up-to-date: /home/bfmadera/ros2_ws/install/tutorial_interfaces/include/tutorial_interfaces/tutorial_interfaces/srv/detail/add_three_ints__struct.h
[6.878s] -- Up-to-date: /home/bfmadera/ros2_ws/install/tutorial_interfaces/include/tutorial_interfaces/tutorial_interfaces/srv/detail/add_three_ints__type_support.h
[6.878s] -- Up-to-date: /home/bfmadera/ros2_ws/install/tutorial_interfaces/include/tutorial_interfaces/tutorial_interfaces/srv/detail/add_three_ints__functions.c
[6.878s] -- Up-to-date: /home/bfmadera/ros2_ws/install/tutorial_interfaces/include/tutorial_interfaces/tutorial_interfaces/srv/add_three_ints.h
[6.906s] -- Up-to-date: /home/bfmadera/ros2_ws/install/tutorial_interfaces/share/tutorial_interfaces/environment/library_path.sh
[6.906s] -- Installing: /home/bfmadera/ros2_ws/install/tutorial_interfaces/share/tutorial_interfaces/environment/library_path.dsv
[6.923s] -- Up-to-date: /home/bfmadera/ros2_ws/install/tutorial_interfaces/lib/libtutorial_interfaces__rosidl_generator_c.so
[6.924s] -- Up-to-date: /home/bfmadera/ros2_ws/install/tutorial_interfaces/include/tutorial_interfaces/tutorial_interfaces
[6.924s] -- Up-to-date: /home/bfmadera/ros2_ws/install/tutorial_interfaces/include/tutorial_interfaces/tutorial_interfaces/msg
[6.925s] -- Up-to-date: /home/bfmadera/ros2_ws/install/tutorial_interfaces/include/tutorial_interfaces/tutorial_interfaces/msg/rosidl_typesupport_fastrtps_c__visibility_control.h
[6.925s] -- Up-to-date: /home/bfmadera/ros2_ws/install/tutorial_interfaces/include/tutorial_interfaces/tutorial_interfaces/msg/detail
[6.926s] -- Up-to-date: /home/bfmadera/ros2_ws/install/tutorial_interfaces/include/tutorial_interfaces/tutorial_interfaces/msg/detail/num__rosidl_typesupport_fastrtps_c.h
[6.926s] -- Up-to-date: /home/bfmadera/ros2_ws/install/tutorial_interfaces/include/tutorial_interfaces/tutorial_interfaces/msg/detail/sphere__rosidl_typesupport_fastrtps_c.h
[6.926s] -- Up-to-date: /home/bfmadera/ros2_ws/install/tutorial_interfaces/include/tutorial_interfaces/tutorial_interfaces/srv
[6.927s] -- Up-to-date: /home/bfmadera/ros2_ws/install/tutorial_interfaces/include/tutorial_interfaces/tutorial_interfaces/srv/detail
[6.927s] -- Up-to-date: /home/bfmadera/ros2_ws/install/tutorial_interfaces/include/tutorial_interfaces/tutorial_interfaces/srv/detail/add_three_ints__rosidl_typesupport_fastrtps_c.h
[6.928s] -- Up-to-date: /home/bfmadera/ros2_ws/install/tutorial_interfaces/lib/libtutorial_interfaces__rosidl_typesupport_fastrtps_c.so
[6.928s] -- Up-to-date: /home/bfmadera/ros2_ws/install/tutorial_interfaces/include/tutorial_interfaces/tutorial_interfaces
[6.930s] -- Up-to-date: /home/bfmadera/ros2_ws/install/tutorial_interfaces/include/tutorial_interfaces/tutorial_interfaces/msg
[6.930s] -- Up-to-date: /home/bfmadera/ros2_ws/install/tutorial_interfaces/include/tutorial_interfaces/tutorial_interfaces/msg/num.hpp
[6.931s] -- Up-to-date: /home/bfmadera/ros2_ws/install/tutorial_interfaces/include/tutorial_interfaces/tutorial_interfaces/msg/sphere.hpp
[6.931s] -- Up-to-date: /home/bfmadera/ros2_ws/install/tutorial_interfaces/include/tutorial_interfaces/tutorial_interfaces/msg/detail
[6.931s] -- Up-to-date: /home/bfmadera/ros2_ws/install/tutorial_interfaces/include/tutorial_interfaces/tutorial_interfaces/msg/detail/num__traits.hpp
[6.932s] -- Up-to-date: /home/bfmadera/ros2_ws/install/tutorial_interfaces/include/tutorial_interfaces/tutorial_interfaces/msg/detail/sphere__traits.hpp
[6.932s] -- Up-to-date: /home/bfmadera/ros2_ws/install/tutorial_interfaces/include/tutorial_interfaces/tutorial_interfaces/msg/detail/sphere__builder.hpp
[6.932s] -- Up-to-date: /home/bfmadera/ros2_ws/install/tutorial_interfaces/include/tutorial_interfaces/tutorial_interfaces/msg/detail/num__builder.hpp
[6.933s] -- Up-to-date: /home/bfmadera/ros2_ws/install/tutorial_interfaces/include/tutorial_interfaces/tutorial_interfaces/msg/detail/num__struct.hpp
[6.933s] -- Up-to-date: /home/bfmadera/ros2_ws/install/tutorial_interfaces/include/tutorial_interfaces/tutorial_interfaces/msg/detail/sphere__struct.hpp
[6.933s] -- Up-to-date: /home/bfmadera/ros2_ws/install/tutorial_interfaces/include/tutorial_interfaces/tutorial_interfaces/srv
[6.934s] -- Up-to-date: /home/bfmadera/ros2_ws/install/tutorial_interfaces/include/tutorial_interfaces/tutorial_interfaces/srv/detail
[6.934s] -- Up-to-date: /home/bfmadera/ros2_ws/install/tutorial_interfaces/include/tutorial_interfaces/tutorial_interfaces/srv/detail/add_three_ints__builder.hpp
[6.934s] -- Up-to-date: /home/bfmadera/ros2_ws/install/tutorial_interfaces/include/tutorial_interfaces/tutorial_interfaces/srv/detail/add_three_ints__traits.hpp
[6.935s] -- Up-to-date: /home/bfmadera/ros2_ws/install/tutorial_interfaces/include/tutorial_interfaces/tutorial_interfaces/srv/detail/add_three_ints__struct.hpp
[6.935s] -- Up-to-date: /home/bfmadera/ros2_ws/install/tutorial_interfaces/include/tutorial_interfaces/tutorial_interfaces/srv/add_three_ints.hpp
[6.936s] -- Up-to-date: /home/bfmadera/ros2_ws/install/tutorial_interfaces/include/tutorial_interfaces/tutorial_interfaces
[6.936s] -- Up-to-date: /home/bfmadera/ros2_ws/install/tutorial_interfaces/include/tutorial_interfaces/tutorial_interfaces/msg
[6.937s] -- Up-to-date: /home/bfmadera/ros2_ws/install/tutorial_interfaces/include/tutorial_interfaces/tutorial_interfaces/msg/rosidl_typesupport_fastrtps_cpp__visibility_control.h
[6.937s] -- Up-to-date: /home/bfmadera/ros2_ws/install/tutorial_interfaces/include/tutorial_interfaces/tutorial_interfaces/msg/detail
[6.937s] -- Up-to-date: /home/bfmadera/ros2_ws/install/tutorial_interfaces/include/tutorial_interfaces/tutorial_interfaces/msg/detail/num__rosidl_typesupport_fastrtps_cpp.hpp
[6.938s] -- Up-to-date: /home/bfmadera/ros2_ws/install/tutorial_interfaces/include/tutorial_interfaces/tutorial_interfaces/msg/detail/dds_fastrtps
[6.938s] -- Up-to-date: /home/bfmadera/ros2_ws/install/tutorial_interfaces/include/tutorial_interfaces/tutorial_interfaces/msg/detail/sphere__rosidl_typesupport_fastrtps_cpp.hpp
[6.938s] -- Up-to-date: /home/bfmadera/ros2_ws/install/tutorial_interfaces/include/tutorial_interfaces/tutorial_interfaces/srv
[6.939s] -- Up-to-date: /home/bfmadera/ros2_ws/install/tutorial_interfaces/include/tutorial_interfaces/tutorial_interfaces/srv/detail
[6.939s] -- Up-to-date: /home/bfmadera/ros2_ws/install/tutorial_interfaces/include/tutorial_interfaces/tutorial_interfaces/srv/detail/add_three_ints__rosidl_typesupport_fastrtps_cpp.hpp
[6.939s] -- Up-to-date: /home/bfmadera/ros2_ws/install/tutorial_interfaces/include/tutorial_interfaces/tutorial_interfaces/srv/detail/dds_fastrtps
[6.940s] -- Up-to-date: /home/bfmadera/ros2_ws/install/tutorial_interfaces/lib/libtutorial_interfaces__rosidl_typesupport_fastrtps_cpp.so
[6.940s] -- Up-to-date: /home/bfmadera/ros2_ws/install/tutorial_interfaces/include/tutorial_interfaces/tutorial_interfaces
[6.941s] -- Up-to-date: /home/bfmadera/ros2_ws/install/tutorial_interfaces/include/tutorial_interfaces/tutorial_interfaces/msg
[6.942s] -- Up-to-date: /home/bfmadera/ros2_ws/install/tutorial_interfaces/include/tutorial_interfaces/tutorial_interfaces/msg/rosidl_typesupport_introspection_c__visibility_control.h
[6.942s] -- Up-to-date: /home/bfmadera/ros2_ws/install/tutorial_interfaces/include/tutorial_interfaces/tutorial_interfaces/msg/detail
[6.943s] -- Up-to-date: /home/bfmadera/ros2_ws/install/tutorial_interfaces/include/tutorial_interfaces/tutorial_interfaces/msg/detail/num__type_support.c
[6.943s] -- Up-to-date: /home/bfmadera/ros2_ws/install/tutorial_interfaces/include/tutorial_interfaces/tutorial_interfaces/msg/detail/num__rosidl_typesupport_introspection_c.h
[6.943s] -- Up-to-date: /home/bfmadera/ros2_ws/install/tutorial_interfaces/include/tutorial_interfaces/tutorial_interfaces/msg/detail/sphere__type_support.c
[6.943s] -- Up-to-date: /home/bfmadera/ros2_ws/install/tutorial_interfaces/include/tutorial_interfaces/tutorial_interfaces/msg/detail/sphere__rosidl_typesupport_introspection_c.h
[6.944s] -- Up-to-date: /home/bfmadera/ros2_ws/install/tutorial_interfaces/include/tutorial_interfaces/tutorial_interfaces/srv
[6.944s] -- Up-to-date: /home/bfmadera/ros2_ws/install/tutorial_interfaces/include/tutorial_interfaces/tutorial_interfaces/srv/detail
[6.944s] -- Up-to-date: /home/bfmadera/ros2_ws/install/tutorial_interfaces/include/tutorial_interfaces/tutorial_interfaces/srv/detail/add_three_ints__rosidl_typesupport_introspection_c.h
[6.945s] -- Up-to-date: /home/bfmadera/ros2_ws/install/tutorial_interfaces/include/tutorial_interfaces/tutorial_interfaces/srv/detail/add_three_ints__type_support.c
[6.945s] -- Up-to-date: /home/bfmadera/ros2_ws/install/tutorial_interfaces/lib/libtutorial_interfaces__rosidl_typesupport_introspection_c.so
[6.945s] -- Up-to-date: /home/bfmadera/ros2_ws/install/tutorial_interfaces/lib/libtutorial_interfaces__rosidl_typesupport_c.so
[6.945s] -- Up-to-date: /home/bfmadera/ros2_ws/install/tutorial_interfaces/include/tutorial_interfaces/tutorial_interfaces
[6.946s] -- Up-to-date: /home/bfmadera/ros2_ws/install/tutorial_interfaces/include/tutorial_interfaces/tutorial_interfaces/msg
[6.946s] -- Up-to-date: /home/bfmadera/ros2_ws/install/tutorial_interfaces/include/tutorial_interfaces/tutorial_interfaces/msg/detail
[6.946s] -- Up-to-date: /home/bfmadera/ros2_ws/install/tutorial_interfaces/include/tutorial_interfaces/tutorial_interfaces/msg/detail/sphere__type_support.cpp
[6.947s] -- Up-to-date: /home/bfmadera/ros2_ws/install/tutorial_interfaces/include/tutorial_interfaces/tutorial_interfaces/msg/detail/sphere__rosidl_typesupport_introspection_cpp.hpp
[6.947s] -- Up-to-date: /home/bfmadera/ros2_ws/install/tutorial_interfaces/include/tutorial_interfaces/tutorial_interfaces/msg/detail/num__type_support.cpp
[6.947s] -- Up-to-date: /home/bfmadera/ros2_ws/install/tutorial_interfaces/include/tutorial_interfaces/tutorial_interfaces/msg/detail/num__rosidl_typesupport_introspection_cpp.hpp
[6.947s] -- Up-to-date: /home/bfmadera/ros2_ws/install/tutorial_interfaces/include/tutorial_interfaces/tutorial_interfaces/srv
[6.948s] -- Up-to-date: /home/bfmadera/ros2_ws/install/tutorial_interfaces/include/tutorial_interfaces/tutorial_interfaces/srv/detail
[6.948s] -- Up-to-date: /home/bfmadera/ros2_ws/install/tutorial_interfaces/include/tutorial_interfaces/tutorial_interfaces/srv/detail/add_three_ints__type_support.cpp
[6.948s] -- Up-to-date: /home/bfmadera/ros2_ws/install/tutorial_interfaces/include/tutorial_interfaces/tutorial_interfaces/srv/detail/add_three_ints__rosidl_typesupport_introspection_cpp.hpp
[7.004s] -- Up-to-date: /home/bfmadera/ros2_ws/install/tutorial_interfaces/lib/libtutorial_interfaces__rosidl_typesupport_introspection_cpp.so
[7.007s] -- Up-to-date: /home/bfmadera/ros2_ws/install/tutorial_interfaces/lib/libtutorial_interfaces__rosidl_typesupport_cpp.so
[7.009s] -- Up-to-date: /home/bfmadera/ros2_ws/install/tutorial_interfaces/share/tutorial_interfaces/environment/pythonpath.sh
[7.009s] -- Installing: /home/bfmadera/ros2_ws/install/tutorial_interfaces/share/tutorial_interfaces/environment/pythonpath.dsv
[7.011s] -- Up-to-date: /home/bfmadera/ros2_ws/install/tutorial_interfaces/local/lib/python3.10/dist-packages/tutorial_interfaces-0.0.0-py3.10.egg-info
[7.011s] -- Installing: /home/bfmadera/ros2_ws/install/tutorial_interfaces/local/lib/python3.10/dist-packages/tutorial_interfaces-0.0.0-py3.10.egg-info/top_level.txt
[7.012s] -- Installing: /home/bfmadera/ros2_ws/install/tutorial_interfaces/local/lib/python3.10/dist-packages/tutorial_interfaces-0.0.0-py3.10.egg-info/PKG-INFO
[7.012s] -- Installing: /home/bfmadera/ros2_ws/install/tutorial_interfaces/local/lib/python3.10/dist-packages/tutorial_interfaces-0.0.0-py3.10.egg-info/dependency_links.txt
[7.013s] -- Installing: /home/bfmadera/ros2_ws/install/tutorial_interfaces/local/lib/python3.10/dist-packages/tutorial_interfaces-0.0.0-py3.10.egg-info/SOURCES.txt
[7.014s] -- Up-to-date: /home/bfmadera/ros2_ws/install/tutorial_interfaces/local/lib/python3.10/dist-packages/tutorial_interfaces
[7.014s] -- Up-to-date: /home/bfmadera/ros2_ws/install/tutorial_interfaces/local/lib/python3.10/dist-packages/tutorial_interfaces/tutorial_interfaces_s__rosidl_typesupport_c.cpython-310-x86_64-linux-gnu.so
[7.015s] -- Up-to-date: /home/bfmadera/ros2_ws/install/tutorial_interfaces/local/lib/python3.10/dist-packages/tutorial_interfaces/tutorial_interfaces_s__rosidl_typesupport_introspection_c.cpython-310-x86_64-linux-gnu.so
[7.016s] -- Up-to-date: /home/bfmadera/ros2_ws/install/tutorial_interfaces/local/lib/python3.10/dist-packages/tutorial_interfaces/tutorial_interfaces_s__rosidl_typesupport_fastrtps_c.cpython-310-x86_64-linux-gnu.so
[7.016s] -- Up-to-date: /home/bfmadera/ros2_ws/install/tutorial_interfaces/local/lib/python3.10/dist-packages/tutorial_interfaces/_tutorial_interfaces_s.ep.rosidl_typesupport_fastrtps_c.c
[7.016s] -- Up-to-date: /home/bfmadera/ros2_ws/install/tutorial_interfaces/local/lib/python3.10/dist-packages/tutorial_interfaces/msg
[7.017s] -- Up-to-date: /home/bfmadera/ros2_ws/install/tutorial_interfaces/local/lib/python3.10/dist-packages/tutorial_interfaces/msg/_num.py
[7.017s] -- Up-to-date: /home/bfmadera/ros2_ws/install/tutorial_interfaces/local/lib/python3.10/dist-packages/tutorial_interfaces/msg/_num_s.c
[7.018s] -- Up-to-date: /home/bfmadera/ros2_ws/install/tutorial_interfaces/local/lib/python3.10/dist-packages/tutorial_interfaces/msg/__init__.py
[7.018s] -- Up-to-date: /home/bfmadera/ros2_ws/install/tutorial_interfaces/local/lib/python3.10/dist-packages/tutorial_interfaces/msg/_sphere_s.c
[7.018s] -- Up-to-date: /home/bfmadera/ros2_ws/install/tutorial_interfaces/local/lib/python3.10/dist-packages/tutorial_interfaces/msg/_sphere.py
[7.018s] -- Up-to-date: /home/bfmadera/ros2_ws/install/tutorial_interfaces/local/lib/python3.10/dist-packages/tutorial_interfaces/libtutorial_interfaces__rosidl_generator_py.so
[7.019s] -- Installing: /home/bfmadera/ros2_ws/install/tutorial_interfaces/local/lib/python3.10/dist-packages/tutorial_interfaces/__init__.py
[7.019s] -- Up-to-date: /home/bfmadera/ros2_ws/install/tutorial_interfaces/local/lib/python3.10/dist-packages/tutorial_interfaces/_tutorial_interfaces_s.ep.rosidl_typesupport_c.c
[7.019s] -- Up-to-date: /home/bfmadera/ros2_ws/install/tutorial_interfaces/local/lib/python3.10/dist-packages/tutorial_interfaces/srv
[7.019s] -- Up-to-date: /home/bfmadera/ros2_ws/install/tutorial_interfaces/local/lib/python3.10/dist-packages/tutorial_interfaces/srv/_add_three_ints.py
[7.020s] -- Up-to-date: /home/bfmadera/ros2_ws/install/tutorial_interfaces/local/lib/python3.10/dist-packages/tutorial_interfaces/srv/__init__.py
[7.020s] -- Up-to-date: /home/bfmadera/ros2_ws/install/tutorial_interfaces/local/lib/python3.10/dist-packages/tutorial_interfaces/srv/_add_three_ints_s.c
[7.020s] -- Up-to-date: /home/bfmadera/ros2_ws/install/tutorial_interfaces/local/lib/python3.10/dist-packages/tutorial_interfaces/_tutorial_interfaces_s.ep.rosidl_typesupport_introspection_c.c
[7.128s] Listing '/home/bfmadera/ros2_ws/install/tutorial_interfaces/local/lib/python3.10/dist-packages/tutorial_interfaces'...
[7.128s] Compiling '/home/bfmadera/ros2_ws/install/tutorial_interfaces/local/lib/python3.10/dist-packages/tutorial_interfaces/__init__.py'...
[7.128s] Listing '/home/bfmadera/ros2_ws/install/tutorial_interfaces/local/lib/python3.10/dist-packages/tutorial_interfaces/msg'...
[7.128s] Listing '/home/bfmadera/ros2_ws/install/tutorial_interfaces/local/lib/python3.10/dist-packages/tutorial_interfaces/srv'...
[7.134s] -- Up-to-date: /home/bfmadera/ros2_ws/install/tutorial_interfaces/local/lib/python3.10/dist-packages/tutorial_interfaces/tutorial_interfaces_s__rosidl_typesupport_fastrtps_c.cpython-310-x86_64-linux-gnu.so
[7.135s] -- Up-to-date: /home/bfmadera/ros2_ws/install/tutorial_interfaces/local/lib/python3.10/dist-packages/tutorial_interfaces/tutorial_interfaces_s__rosidl_typesupport_introspection_c.cpython-310-x86_64-linux-gnu.so
[7.136s] -- Up-to-date: /home/bfmadera/ros2_ws/install/tutorial_interfaces/local/lib/python3.10/dist-packages/tutorial_interfaces/tutorial_interfaces_s__rosidl_typesupport_c.cpython-310-x86_64-linux-gnu.so
[7.137s] -- Up-to-date: /home/bfmadera/ros2_ws/install/tutorial_interfaces/lib/libtutorial_interfaces__rosidl_generator_py.so
[7.137s] -- Up-to-date: /home/bfmadera/ros2_ws/install/tutorial_interfaces/share/tutorial_interfaces/msg/Num.idl
[7.137s] -- Up-to-date: /home/bfmadera/ros2_ws/install/tutorial_interfaces/share/tutorial_interfaces/msg/Sphere.idl
[7.138s] -- Up-to-date: /home/bfmadera/ros2_ws/install/tutorial_interfaces/share/tutorial_interfaces/srv/AddThreeInts.idl
[7.138s] -- Installing: /home/bfmadera/ros2_ws/install/tutorial_interfaces/share/tutorial_interfaces/msg/Num.msg
[7.138s] -- Installing: /home/bfmadera/ros2_ws/install/tutorial_interfaces/share/tutorial_interfaces/msg/Sphere.msg
[7.138s] -- Installing: /home/bfmadera/ros2_ws/install/tutorial_interfaces/share/tutorial_interfaces/srv/AddThreeInts.srv
[7.138s] -- Up-to-date: /home/bfmadera/ros2_ws/install/tutorial_interfaces/share/tutorial_interfaces/srv/AddThreeInts_Request.msg
[7.138s] -- Up-to-date: /home/bfmadera/ros2_ws/install/tutorial_interfaces/share/tutorial_interfaces/srv/AddThreeInts_Response.msg
[7.139s] -- Up-to-date: /home/bfmadera/ros2_ws/install/tutorial_interfaces/share/ament_index/resource_index/package_run_dependencies/tutorial_interfaces
[7.139s] -- Up-to-date: /home/bfmadera/ros2_ws/install/tutorial_interfaces/share/ament_index/resource_index/parent_prefix_path/tutorial_interfaces
[7.139s] -- Up-to-date: /home/bfmadera/ros2_ws/install/tutorial_interfaces/share/tutorial_interfaces/environment/ament_prefix_path.sh
[7.139s] -- Installing: /home/bfmadera/ros2_ws/install/tutorial_interfaces/share/tutorial_interfaces/environment/ament_prefix_path.dsv
[7.139s] -- Up-to-date: /home/bfmadera/ros2_ws/install/tutorial_interfaces/share/tutorial_interfaces/environment/path.sh
[7.139s] -- Installing: /home/bfmadera/ros2_ws/install/tutorial_interfaces/share/tutorial_interfaces/environment/path.dsv
[7.139s] -- Up-to-date: /home/bfmadera/ros2_ws/install/tutorial_interfaces/share/tutorial_interfaces/local_setup.bash
[7.139s] -- Up-to-date: /home/bfmadera/ros2_ws/install/tutorial_interfaces/share/tutorial_interfaces/local_setup.sh
[7.139s] -- Up-to-date: /home/bfmadera/ros2_ws/install/tutorial_interfaces/share/tutorial_interfaces/local_setup.zsh
[7.139s] -- Installing: /home/bfmadera/ros2_ws/install/tutorial_interfaces/share/tutorial_interfaces/local_setup.dsv
[7.139s] -- Installing: /home/bfmadera/ros2_ws/install/tutorial_interfaces/share/tutorial_interfaces/package.dsv
[7.140s] -- Up-to-date: /home/bfmadera/ros2_ws/install/tutorial_interfaces/share/ament_index/resource_index/packages/tutorial_interfaces
[7.141s] -- Up-to-date: /home/bfmadera/ros2_ws/install/tutorial_interfaces/share/tutorial_interfaces/cmake/export_tutorial_interfaces__rosidl_generator_cExport.cmake
[7.141s] -- Up-to-date: /home/bfmadera/ros2_ws/install/tutorial_interfaces/share/tutorial_interfaces/cmake/export_tutorial_interfaces__rosidl_generator_cExport-noconfig.cmake
[7.141s] -- Up-to-date: /home/bfmadera/ros2_ws/install/tutorial_interfaces/share/tutorial_interfaces/cmake/export_tutorial_interfaces__rosidl_typesupport_fastrtps_cExport.cmake
[7.141s] -- Up-to-date: /home/bfmadera/ros2_ws/install/tutorial_interfaces/share/tutorial_interfaces/cmake/export_tutorial_interfaces__rosidl_typesupport_fastrtps_cExport-noconfig.cmake
[7.141s] -- Up-to-date: /home/bfmadera/ros2_ws/install/tutorial_interfaces/share/tutorial_interfaces/cmake/export_tutorial_interfaces__rosidl_generator_cppExport.cmake
[7.142s] -- Up-to-date: /home/bfmadera/ros2_ws/install/tutorial_interfaces/share/tutorial_interfaces/cmake/export_tutorial_interfaces__rosidl_typesupport_fastrtps_cppExport.cmake
[7.142s] -- Up-to-date: /home/bfmadera/ros2_ws/install/tutorial_interfaces/share/tutorial_interfaces/cmake/export_tutorial_interfaces__rosidl_typesupport_fastrtps_cppExport-noconfig.cmake
[7.142s] -- Up-to-date: /home/bfmadera/ros2_ws/install/tutorial_interfaces/share/tutorial_interfaces/cmake/tutorial_interfaces__rosidl_typesupport_introspection_cExport.cmake
[7.142s] -- Up-to-date: /home/bfmadera/ros2_ws/install/tutorial_interfaces/share/tutorial_interfaces/cmake/tutorial_interfaces__rosidl_typesupport_introspection_cExport-noconfig.cmake
[7.142s] -- Up-to-date: /home/bfmadera/ros2_ws/install/tutorial_interfaces/share/tutorial_interfaces/cmake/tutorial_interfaces__rosidl_typesupport_cExport.cmake
[7.142s] -- Up-to-date: /home/bfmadera/ros2_ws/install/tutorial_interfaces/share/tutorial_interfaces/cmake/tutorial_interfaces__rosidl_typesupport_cExport-noconfig.cmake
[7.142s] -- Up-to-date: /home/bfmadera/ros2_ws/install/tutorial_interfaces/share/tutorial_interfaces/cmake/tutorial_interfaces__rosidl_typesupport_introspection_cppExport.cmake
[7.143s] -- Up-to-date: /home/bfmadera/ros2_ws/install/tutorial_interfaces/share/tutorial_interfaces/cmake/tutorial_interfaces__rosidl_typesupport_introspection_cppExport-noconfig.cmake
[7.143s] -- Up-to-date: /home/bfmadera/ros2_ws/install/tutorial_interfaces/share/tutorial_interfaces/cmake/tutorial_interfaces__rosidl_typesupport_cppExport.cmake
[7.143s] -- Up-to-date: /home/bfmadera/ros2_ws/install/tutorial_interfaces/share/tutorial_interfaces/cmake/tutorial_interfaces__rosidl_typesupport_cppExport-noconfig.cmake
[7.143s] -- Up-to-date: /home/bfmadera/ros2_ws/install/tutorial_interfaces/share/tutorial_interfaces/cmake/export_tutorial_interfaces__rosidl_generator_pyExport.cmake
[7.143s] -- Up-to-date: /home/bfmadera/ros2_ws/install/tutorial_interfaces/share/tutorial_interfaces/cmake/export_tutorial_interfaces__rosidl_generator_pyExport-noconfig.cmake
[7.143s] -- Up-to-date: /home/bfmadera/ros2_ws/install/tutorial_interfaces/share/tutorial_interfaces/cmake/rosidl_cmake-extras.cmake
[7.143s] -- Up-to-date: /home/bfmadera/ros2_ws/install/tutorial_interfaces/share/tutorial_interfaces/cmake/ament_cmake_export_dependencies-extras.cmake
[7.144s] -- Up-to-date: /home/bfmadera/ros2_ws/install/tutorial_interfaces/share/tutorial_interfaces/cmake/ament_cmake_export_include_directories-extras.cmake
[7.144s] -- Up-to-date: /home/bfmadera/ros2_ws/install/tutorial_interfaces/share/tutorial_interfaces/cmake/ament_cmake_export_libraries-extras.cmake
[7.144s] -- Up-to-date: /home/bfmadera/ros2_ws/install/tutorial_interfaces/share/tutorial_interfaces/cmake/ament_cmake_export_targets-extras.cmake
[7.144s] -- Up-to-date: /home/bfmadera/ros2_ws/install/tutorial_interfaces/share/tutorial_interfaces/cmake/rosidl_cmake_export_typesupport_targets-extras.cmake
[7.144s] -- Up-to-date: /home/bfmadera/ros2_ws/install/tutorial_interfaces/share/tutorial_interfaces/cmake/rosidl_cmake_export_typesupport_libraries-extras.cmake
[7.144s] -- Up-to-date: /home/bfmadera/ros2_ws/install/tutorial_interfaces/share/tutorial_interfaces/cmake/tutorial_interfacesConfig.cmake
[7.144s] -- Up-to-date: /home/bfmadera/ros2_ws/install/tutorial_interfaces/share/tutorial_interfaces/cmake/tutorial_interfacesConfig-version.cmake
[7.144s] -- Installing: /home/bfmadera/ros2_ws/install/tutorial_interfaces/share/tutorial_interfaces/package.xml
[7.146s] Invoked command in '/home/bfmadera/ros2_ws/build/tutorial_interfaces' returned '0': CMAKE_PREFIX_PATH=/opt/ros/humble:${CMAKE_PREFIX_PATH} /usr/bin/cmake --install /home/bfmadera/ros2_ws/build/tutorial_interfaces
