[0.082s] Invoking command in '/home/bfmadera/ros2_ws/build/cpp_parameters': CMAKE_PREFIX_PATH=/opt/ros/humble:${CMAKE_PREFIX_PATH} /usr/bin/cmake --build /home/bfmadera/ros2_ws/build/cpp_parameters -- -j8 -l8
[0.107s] -- Found ament_cmake: 1.3.7 (/opt/ros/humble/share/ament_cmake/cmake)
[0.267s] -- Found rclcpp: 16.0.8 (/opt/ros/humble/share/rclcpp/cmake)
[0.300s] -- Found rosidl_generator_c: 3.1.5 (/opt/ros/humble/share/rosidl_generator_c/cmake)
[0.303s] -- Found rosidl_adapter: 3.1.5 (/opt/ros/humble/share/rosidl_adapter/cmake)
[0.309s] -- Found rosidl_generator_cpp: 3.1.5 (/opt/ros/humble/share/rosidl_generator_cpp/cmake)
[0.322s] -- Using all available rosidl_typesupport_c: rosidl_typesupport_fastrtps_c;rosidl_typesupport_introspection_c
[0.340s] -- Using all available rosidl_typesupport_cpp: rosidl_typesupport_fastrtps_cpp;rosidl_typesupport_introspection_cpp
[0.404s] -- Found rmw_implementation_cmake: 6.1.1 (/opt/ros/humble/share/rmw_implementation_cmake/cmake)
[0.406s] -- Found rmw_fastrtps_cpp: 6.2.6 (/opt/ros/humble/share/rmw_fastrtps_cpp/cmake)
[0.542s] -- Using RMW implementation 'rmw_fastrtps_cpp' as default
[0.729s] -- Found ament_lint_auto: 0.12.10 (/opt/ros/humble/share/ament_lint_auto/cmake)
[0.807s] -- Added test 'cppcheck' to perform static code analysis on C / C++ code
[0.807s] -- Configured cppcheck include dirs: 
[0.807s] -- Configured cppcheck exclude dirs and/or files: 
[0.808s] -- Added test 'flake8' to check Python code syntax and style conventions
[0.808s] -- Added test 'lint_cmake' to check CMake code style
[0.809s] -- Added test 'pep257' to check Python code against some of the docstring style conventions in PEP 257
[0.810s] -- Added test 'uncrustify' to check C / C++ code style
[0.810s] -- Configured uncrustify additional arguments: 
[0.810s] -- Added test 'xmllint' to check XML markup files
[0.811s] -- Configuring done
[0.819s] -- Generating done
[0.821s] -- Build files have been written to: /home/bfmadera/ros2_ws/build/cpp_parameters
[0.853s] [35m[1mConsolidate compiler generated dependencies of target minimal_param_node[0m
[0.872s] [100%] Built target minimal_param_node
[0.884s] Invoked command in '/home/bfmadera/ros2_ws/build/cpp_parameters' returned '0': CMAKE_PREFIX_PATH=/opt/ros/humble:${CMAKE_PREFIX_PATH} /usr/bin/cmake --build /home/bfmadera/ros2_ws/build/cpp_parameters -- -j8 -l8
[0.924s] Invoking command in '/home/bfmadera/ros2_ws/build/cpp_parameters': CMAKE_PREFIX_PATH=/opt/ros/humble:${CMAKE_PREFIX_PATH} /usr/bin/cmake --install /home/bfmadera/ros2_ws/build/cpp_parameters
[0.933s] -- Install configuration: ""
[0.933s] -- Up-to-date: /home/bfmadera/ros2_ws/install/cpp_parameters/lib/cpp_parameters/minimal_param_node
[0.934s] -- Installing: /home/bfmadera/ros2_ws/install/cpp_parameters/share/cpp_parameters/launch
[0.934s] -- Installing: /home/bfmadera/ros2_ws/install/cpp_parameters/share/cpp_parameters/launch/cpp_parameters_launch.py
[0.934s] -- Up-to-date: /home/bfmadera/ros2_ws/install/cpp_parameters/share/ament_index/resource_index/package_run_dependencies/cpp_parameters
[0.934s] -- Installing: /home/bfmadera/ros2_ws/install/cpp_parameters/share/ament_index/resource_index/parent_prefix_path/cpp_parameters
[0.934s] -- Up-to-date: /home/bfmadera/ros2_ws/install/cpp_parameters/share/cpp_parameters/environment/ament_prefix_path.sh
[0.934s] -- Installing: /home/bfmadera/ros2_ws/install/cpp_parameters/share/cpp_parameters/environment/ament_prefix_path.dsv
[0.935s] -- Up-to-date: /home/bfmadera/ros2_ws/install/cpp_parameters/share/cpp_parameters/environment/path.sh
[0.935s] -- Installing: /home/bfmadera/ros2_ws/install/cpp_parameters/share/cpp_parameters/environment/path.dsv
[0.935s] -- Up-to-date: /home/bfmadera/ros2_ws/install/cpp_parameters/share/cpp_parameters/local_setup.bash
[0.935s] -- Up-to-date: /home/bfmadera/ros2_ws/install/cpp_parameters/share/cpp_parameters/local_setup.sh
[0.935s] -- Up-to-date: /home/bfmadera/ros2_ws/install/cpp_parameters/share/cpp_parameters/local_setup.zsh
[0.935s] -- Installing: /home/bfmadera/ros2_ws/install/cpp_parameters/share/cpp_parameters/local_setup.dsv
[0.935s] -- Installing: /home/bfmadera/ros2_ws/install/cpp_parameters/share/cpp_parameters/package.dsv
[0.935s] -- Up-to-date: /home/bfmadera/ros2_ws/install/cpp_parameters/share/ament_index/resource_index/packages/cpp_parameters
[0.935s] -- Up-to-date: /home/bfmadera/ros2_ws/install/cpp_parameters/share/cpp_parameters/cmake/cpp_parametersConfig.cmake
[0.935s] -- Up-to-date: /home/bfmadera/ros2_ws/install/cpp_parameters/share/cpp_parameters/cmake/cpp_parametersConfig-version.cmake
[0.936s] -- Up-to-date: /home/bfmadera/ros2_ws/install/cpp_parameters/share/cpp_parameters/package.xml
[0.938s] Invoked command in '/home/bfmadera/ros2_ws/build/cpp_parameters' returned '0': CMAKE_PREFIX_PATH=/opt/ros/humble:${CMAKE_PREFIX_PATH} /usr/bin/cmake --install /home/bfmadera/ros2_ws/build/cpp_parameters
