[0.083s] Invoking command in '/home/bfmadera/ros2_ws/build/polygon_base': CMAKE_PREFIX_PATH=/opt/ros/humble:${CMAKE_PREFIX_PATH} /usr/bin/cmake /home/bfmadera/ros2_ws/src/polygon_base -DCMAKE_INSTALL_PREFIX=/home/bfmadera/ros2_ws/install/polygon_base
[0.361s] -- The C compiler identification is GNU 11.4.0
[0.438s] -- The CXX compiler identification is GNU 11.4.0
[0.446s] -- Detecting C compiler ABI info
[0.518s] -- Detecting C compiler ABI info - done
[0.526s] -- Check for working C compiler: /usr/bin/cc - skipped
[0.526s] -- Detecting C compile features
[0.526s] -- Detecting C compile features - done
[0.530s] -- Detecting CXX compiler ABI info
[0.615s] -- Detecting CXX compiler ABI info - done
[0.623s] -- Check for working CXX compiler: /usr/bin/c++ - skipped
[0.624s] -- Detecting CXX compile features
[0.624s] -- Detecting CXX compile features - done
[0.627s] -- Found ament_cmake: 1.3.7 (/opt/ros/humble/share/ament_cmake/cmake)
[0.806s] -- Found Python3: /usr/bin/python3.10 (found version "3.10.12") found components: Interpreter 
[0.893s] -- Found pluginlib: 5.1.0 (/opt/ros/humble/share/pluginlib/cmake)
[0.940s] -- Found ament_lint_auto: 0.12.10 (/opt/ros/humble/share/ament_lint_auto/cmake)
[1.028s] -- Added test 'copyright' to check source files copyright and LICENSE
[1.029s] -- Added test 'cppcheck' to perform static code analysis on C / C++ code
[1.029s] -- Configured cppcheck include dirs: /home/bfmadera/ros2_ws/src/polygon_base/../polygon_base/include
[1.029s] -- Configured cppcheck exclude dirs and/or files: 
[1.030s] -- Added test 'cpplint' to check C / C++ code against the Google style
[1.030s] -- Configured cpplint exclude dirs and/or files: 
[1.031s] -- Added test 'lint_cmake' to check CMake code style
[1.032s] -- Added test 'uncrustify' to check C / C++ code style
[1.032s] -- Configured uncrustify additional arguments: 
[1.033s] -- Added test 'xmllint' to check XML markup files
[1.034s] -- Configuring done
[1.037s] -- Generating done
[1.038s] -- Build files have been written to: /home/bfmadera/ros2_ws/build/polygon_base
[1.044s] Invoked command in '/home/bfmadera/ros2_ws/build/polygon_base' returned '0': CMAKE_PREFIX_PATH=/opt/ros/humble:${CMAKE_PREFIX_PATH} /usr/bin/cmake /home/bfmadera/ros2_ws/src/polygon_base -DCMAKE_INSTALL_PREFIX=/home/bfmadera/ros2_ws/install/polygon_base
[1.047s] Invoking command in '/home/bfmadera/ros2_ws/build/polygon_base': CMAKE_PREFIX_PATH=/opt/ros/humble:${CMAKE_PREFIX_PATH} /usr/bin/cmake --build /home/bfmadera/ros2_ws/build/polygon_base -- -j8 -l8
[1.089s] Invoked command in '/home/bfmadera/ros2_ws/build/polygon_base' returned '0': CMAKE_PREFIX_PATH=/opt/ros/humble:${CMAKE_PREFIX_PATH} /usr/bin/cmake --build /home/bfmadera/ros2_ws/build/polygon_base -- -j8 -l8
[1.124s] Invoking command in '/home/bfmadera/ros2_ws/build/polygon_base': CMAKE_PREFIX_PATH=/opt/ros/humble:${CMAKE_PREFIX_PATH} /usr/bin/cmake --install /home/bfmadera/ros2_ws/build/polygon_base
[1.134s] -- Install configuration: ""
[1.134s] -- Installing: /home/bfmadera/ros2_ws/install/polygon_base/share/polygon_base/plugins.xml
[1.134s] -- Up-to-date: /home/bfmadera/ros2_ws/install/polygon_base/include
[1.134s] -- Up-to-date: /home/bfmadera/ros2_ws/install/polygon_base/include/polygon_base
[1.135s] -- Up-to-date: /home/bfmadera/ros2_ws/install/polygon_base/include/polygon_base/regular_polygon.hpp
[1.135s] -- Up-to-date: /home/bfmadera/ros2_ws/install/polygon_base/include/polygon_base/package.xml
[1.135s] -- Installing: /home/bfmadera/ros2_ws/install/polygon_base/share/ament_index/resource_index/package_run_dependencies/polygon_base
[1.135s] -- Installing: /home/bfmadera/ros2_ws/install/polygon_base/share/ament_index/resource_index/parent_prefix_path/polygon_base
[1.135s] -- Up-to-date: /home/bfmadera/ros2_ws/install/polygon_base/share/polygon_base/environment/ament_prefix_path.sh
[1.135s] -- Installing: /home/bfmadera/ros2_ws/install/polygon_base/share/polygon_base/environment/ament_prefix_path.dsv
[1.136s] -- Up-to-date: /home/bfmadera/ros2_ws/install/polygon_base/share/polygon_base/environment/path.sh
[1.136s] -- Installing: /home/bfmadera/ros2_ws/install/polygon_base/share/polygon_base/environment/path.dsv
[1.136s] -- Installing: /home/bfmadera/ros2_ws/install/polygon_base/share/polygon_base/local_setup.bash
[1.136s] -- Installing: /home/bfmadera/ros2_ws/install/polygon_base/share/polygon_base/local_setup.sh
[1.136s] -- Installing: /home/bfmadera/ros2_ws/install/polygon_base/share/polygon_base/local_setup.zsh
[1.136s] -- Installing: /home/bfmadera/ros2_ws/install/polygon_base/share/polygon_base/local_setup.dsv
[1.137s] -- Installing: /home/bfmadera/ros2_ws/install/polygon_base/share/polygon_base/package.dsv
[1.137s] -- Installing: /home/bfmadera/ros2_ws/install/polygon_base/share/ament_index/resource_index/packages/polygon_base
[1.137s] -- Installing: /home/bfmadera/ros2_ws/install/polygon_base/share/ament_index/resource_index/polygon_base__pluginlib__plugin/polygon_base
[1.137s] -- Installing: /home/bfmadera/ros2_ws/install/polygon_base/share/polygon_base/cmake/polygon_baseConfig.cmake
[1.137s] -- Installing: /home/bfmadera/ros2_ws/install/polygon_base/share/polygon_base/cmake/polygon_baseConfig-version.cmake
[1.137s] -- Installing: /home/bfmadera/ros2_ws/install/polygon_base/share/polygon_base/package.xml
[1.139s] Invoked command in '/home/bfmadera/ros2_ws/build/polygon_base' returned '0': CMAKE_PREFIX_PATH=/opt/ros/humble:${CMAKE_PREFIX_PATH} /usr/bin/cmake --install /home/bfmadera/ros2_ws/build/polygon_base
