-- Found ament_cmake: 1.3.7 (/opt/ros/humble/share/ament_cmake/cmake)
-- Override CMake install command with custom implementation using symlinks instead of copying resources
-- Found ament_cmake_ros: 0.10.0 (/opt/ros/humble/share/ament_cmake_ros/cmake)
-- Found polygon_base: 0.0.0 (/home/bfmadera/ros2_ws/install/polygon_base/share/polygon_base/cmake)
-- Found pluginlib: 5.1.0 (/opt/ros/humble/share/pluginlib/cmake)
-- Found ament_lint_auto: 0.12.10 (/opt/ros/humble/share/ament_lint_auto/cmake)
-- Configuring done
-- Generating done
-- Build files have been written to: /home/bfmadera/ros2_ws/build/polygon_plugins
[35m[1mConsolidate compiler generated dependencies of target polygon_plugins[0m
[100%] Built target polygon_plugins
-- Install configuration: "Debug"
-- Execute custom install script
-- Symlinking: /home/bfmadera/ros2_ws/install/polygon_plugins/share/polygon_plugins//plugins.xml
-- Symlinking: /home/bfmadera/ros2_ws/install/polygon_plugins/include/polygon_plugins/polygon_plugins.hpp
-- Symlinking: /home/bfmadera/ros2_ws/install/polygon_plugins/include/polygon_plugins/visibility_control.h
-- Symlinking: /home/bfmadera/ros2_ws/install/polygon_plugins/share/polygon_plugins/environment/library_path.sh
-- Symlinking: /home/bfmadera/ros2_ws/install/polygon_plugins/share/polygon_plugins/environment/library_path.dsv
-- Symlinking: /home/bfmadera/ros2_ws/install/polygon_plugins/share/ament_index/resource_index/package_run_dependencies/polygon_plugins
-- Symlinking: /home/bfmadera/ros2_ws/install/polygon_plugins/share/ament_index/resource_index/parent_prefix_path/polygon_plugins
-- Symlinking: /home/bfmadera/ros2_ws/install/polygon_plugins/share/polygon_plugins/environment/ament_prefix_path.sh
-- Symlinking: /home/bfmadera/ros2_ws/install/polygon_plugins/share/polygon_plugins/environment/ament_prefix_path.dsv
-- Symlinking: /home/bfmadera/ros2_ws/install/polygon_plugins/share/polygon_plugins/environment/path.sh
-- Symlinking: /home/bfmadera/ros2_ws/install/polygon_plugins/share/polygon_plugins/environment/path.dsv
-- Symlinking: /home/bfmadera/ros2_ws/install/polygon_plugins/share/polygon_plugins/local_setup.bash
-- Symlinking: /home/bfmadera/ros2_ws/install/polygon_plugins/share/polygon_plugins/local_setup.sh
-- Symlinking: /home/bfmadera/ros2_ws/install/polygon_plugins/share/polygon_plugins/local_setup.zsh
-- Symlinking: /home/bfmadera/ros2_ws/install/polygon_plugins/share/polygon_plugins/local_setup.dsv
-- Symlinking: /home/bfmadera/ros2_ws/install/polygon_plugins/share/polygon_plugins/package.dsv
-- Symlinking: /home/bfmadera/ros2_ws/install/polygon_plugins/share/ament_index/resource_index/packages/polygon_plugins
-- Symlinking: /home/bfmadera/ros2_ws/install/polygon_plugins/share/ament_index/resource_index/polygon_base__pluginlib__plugin/polygon_plugins
-- Symlinking: /home/bfmadera/ros2_ws/install/polygon_plugins/share/polygon_plugins/cmake/ament_cmake_export_include_directories-extras.cmake
-- Symlinking: /home/bfmadera/ros2_ws/install/polygon_plugins/share/polygon_plugins/cmake/ament_cmake_export_libraries-extras.cmake
-- Symlinking: /home/bfmadera/ros2_ws/install/polygon_plugins/share/polygon_plugins/cmake/ament_cmake_export_targets-extras.cmake
-- Symlinking: /home/bfmadera/ros2_ws/install/polygon_plugins/share/polygon_plugins/cmake/polygon_pluginsConfig.cmake
-- Symlinking: /home/bfmadera/ros2_ws/install/polygon_plugins/share/polygon_plugins/cmake/polygon_pluginsConfig-version.cmake
-- Symlinking: /home/bfmadera/ros2_ws/install/polygon_plugins/share/polygon_plugins/package.xml
-- Installing: /home/bfmadera/ros2_ws/install/polygon_plugins/lib/libpolygon_plugins.so
-- Set runtime path of "/home/bfmadera/ros2_ws/install/polygon_plugins/lib/libpolygon_plugins.so" to ""
-- Up-to-date: /home/bfmadera/ros2_ws/install/polygon_plugins/share/polygon_plugins/cmake/export_polygon_pluginsExport.cmake
-- Installing: /home/bfmadera/ros2_ws/install/polygon_plugins/share/polygon_plugins/cmake/export_polygon_pluginsExport-debug.cmake
