[0.737s] Invoking command in '/home/bfmadera/ros2_ws/build/examples_rclcpp_cbg_executor': CMAKE_PREFIX_PATH=/home/bfmadera/ros2_ws/install/cpp_srvcli:/home/bfmadera/ros2_ws/install/cpp_pubsub:/home/bfmadera/ros2_ws/install/tutorial_interfaces:/home/bfmadera/ros2_ws/install/polygon_base:/home/bfmadera/ros2_ws/install/my_package:/home/bfmadera/ros2_ws/install/more_interfaces:/home/bfmadera/ros2_ws/install/examples_rclcpp_wait_set:/home/bfmadera/ros2_ws/install/examples_rclcpp_multithreaded_executor:/home/bfmadera/ros2_ws/install/examples_rclcpp_minimal_timer:/home/bfmadera/ros2_ws/install/examples_rclcpp_minimal_subscriber:/home/bfmadera/ros2_ws/install/examples_rclcpp_minimal_service:/home/bfmadera/ros2_ws/install/examples_rclcpp_minimal_publisher:/home/bfmadera/ros2_ws/install/examples_rclcpp_minimal_composition:/home/bfmadera/ros2_ws/install/examples_rclcpp_minimal_client:/home/bfmadera/ros2_ws/install/examples_rclcpp_minimal_action_server:/home/bfmadera/ros2_ws/install/examples_rclcpp_minimal_action_client:/home/bfmadera/ros2_ws/install/examples_rclcpp_cbg_executor:/home/bfmadera/ros2_ws/install/examples_rclcpp_async_client:/home/bfmadera/ros2_ws/install/cpp_parameters:/home/bfmadera/ros2_ws/install/py_srvcli:/home/bfmadera/ros2_ws/install/py_pubsub:/home/bfmadera/ros2_ws/install/python_parameters:/home/bfmadera/ros2_ws/install/launch_testing_examples:/home/bfmadera/ros2_ws/install/examples_rclpy_pointcloud_publisher:/home/bfmadera/ros2_ws/install/examples_rclpy_minimal_subscriber:/home/bfmadera/ros2_ws/install/examples_rclpy_minimal_service:/home/bfmadera/ros2_ws/install/examples_rclpy_minimal_publisher:/home/bfmadera/ros2_ws/install/examples_rclpy_minimal_client:/home/bfmadera/ros2_ws/install/examples_rclpy_minimal_action_server:/home/bfmadera/ros2_ws/install/examples_rclpy_minimal_action_client:/home/bfmadera/ros2_ws/install/examples_rclpy_guard_conditions:/home/bfmadera/ros2_ws/install/examples_rclpy_executors:/opt/ros/humble:/home/bfmadera/catkin_ws/devel /usr/bin/cmake /home/bfmadera/ros2_ws/src/examples/rclcpp/executors/cbg_executor -DAMENT_CMAKE_SYMLINK_INSTALL=1 -DCMAKE_INSTALL_PREFIX=/home/bfmadera/ros2_ws/install/examples_rclcpp_cbg_executor
[1.288s] -- The C compiler identification is GNU 11.4.0
[1.627s] -- The CXX compiler identification is GNU 11.4.0
[1.647s] -- Detecting C compiler ABI info
[1.801s] -- Detecting C compiler ABI info - done
[1.836s] -- Check for working C compiler: /usr/bin/cc - skipped
[1.836s] -- Detecting C compile features
[1.838s] -- Detecting C compile features - done
[1.845s] -- Detecting CXX compiler ABI info
[2.019s] -- Detecting CXX compiler ABI info - done
[2.028s] -- Check for working CXX compiler: /usr/bin/c++ - skipped
[2.029s] -- Detecting CXX compile features
[2.029s] -- Detecting CXX compile features - done
[2.820s] -- Found ament_cmake: 1.3.7 (/opt/ros/humble/share/ament_cmake/cmake)
[3.329s] -- Found Python3: /usr/bin/python3.10 (found version "3.10.12") found components: Interpreter 
[3.502s] -- Override CMake install command with custom implementation using symlinks instead of copying resources
[4.352s] -- Found rclcpp: 16.0.8 (/opt/ros/humble/share/rclcpp/cmake)
[5.560s] -- Found rosidl_generator_c: 3.1.5 (/opt/ros/humble/share/rosidl_generator_c/cmake)
[5.655s] -- Found rosidl_adapter: 3.1.5 (/opt/ros/humble/share/rosidl_adapter/cmake)
[5.746s] -- Found rosidl_generator_cpp: 3.1.5 (/opt/ros/humble/share/rosidl_generator_cpp/cmake)
[6.095s] -- Using all available rosidl_typesupport_c: rosidl_typesupport_fastrtps_c;rosidl_typesupport_introspection_c
[6.277s] -- Using all available rosidl_typesupport_cpp: rosidl_typesupport_fastrtps_cpp;rosidl_typesupport_introspection_cpp
[6.979s] -- Found rmw_implementation_cmake: 6.1.1 (/opt/ros/humble/share/rmw_implementation_cmake/cmake)
[7.118s] -- Found rmw_fastrtps_cpp: 6.2.6 (/opt/ros/humble/share/rmw_fastrtps_cpp/cmake)
[8.038s] -- Found OpenSSL: /usr/lib/x86_64-linux-gnu/libcrypto.so (found version "3.0.2")  
[8.211s] -- Found FastRTPS: /opt/ros/humble/include  
[8.337s] -- Using RMW implementation 'rmw_fastrtps_cpp' as default
[8.427s] -- Looking for pthread.h
[8.796s] -- Looking for pthread.h - found
[8.797s] -- Performing Test CMAKE_HAVE_LIBC_PTHREAD
[9.046s] -- Performing Test CMAKE_HAVE_LIBC_PTHREAD - Success
[9.049s] -- Found Threads: TRUE  
[9.633s] -- Found ament_lint_auto: 0.12.10 (/opt/ros/humble/share/ament_lint_auto/cmake)
[10.004s] -- Added test 'copyright' to check source files copyright and LICENSE
[10.028s] -- Added test 'cppcheck' to perform static code analysis on C / C++ code
[10.028s] -- Configured cppcheck include dirs: /home/bfmadera/ros2_ws/src/examples/rclcpp/executors/cbg_executor/include
[10.028s] -- Configured cppcheck exclude dirs and/or files: 
[10.030s] -- Added test 'cpplint' to check C / C++ code against the Google style
[10.030s] -- Configured cpplint exclude dirs and/or files: 
[10.032s] -- Added test 'lint_cmake' to check CMake code style
[10.035s] -- Added test 'uncrustify' to check C / C++ code style
[10.035s] -- Configured uncrustify additional arguments: 
[10.036s] -- Added test 'xmllint' to check XML markup files
[10.156s] -- Configuring done
[10.993s] -- Generating done
[11.044s] -- Build files have been written to: /home/bfmadera/ros2_ws/build/examples_rclcpp_cbg_executor
