[0.172s] Invoking command in '/home/bfmadera/ros2_ws/build/more_interfaces': CMAKE_PREFIX_PATH=/opt/ros/humble:${CMAKE_PREFIX_PATH} /usr/bin/cmake /home/bfmadera/ros2_ws/src/more_interfaces -DCMAKE_INSTALL_PREFIX=/home/bfmadera/ros2_ws/install/more_interfaces
[2.198s] -- The C compiler identification is GNU 11.4.0
[3.271s] -- The CXX compiler identification is GNU 11.4.0
[3.355s] -- Detecting C compiler ABI info
[3.671s] -- Detecting C compiler ABI info - done
[3.683s] -- Check for working C compiler: /usr/bin/cc - skipped
[3.683s] -- Detecting C compile features
[3.699s] -- Detecting C compile features - done
[3.703s] -- Detecting CXX compiler ABI info
[4.001s] -- Detecting CXX compiler ABI info - done
[4.011s] -- Check for working CXX compiler: /usr/bin/c++ - skipped
[4.011s] -- Detecting CXX compile features
[4.012s] -- Detecting CXX compile features - done
[4.320s] -- Found ament_cmake: 1.3.7 (/opt/ros/humble/share/ament_cmake/cmake)
[4.823s] -- Found Python3: /usr/bin/python3.10 (found version "3.10.12") found components: Interpreter 
[5.312s] -- Found ament_lint_auto: 0.12.10 (/opt/ros/humble/share/ament_lint_auto/cmake)
[5.343s] -- Found rosidl_default_generators: 1.2.0 (/opt/ros/humble/share/rosidl_default_generators/cmake)
[5.364s] -- Using all available rosidl_typesupport_c: rosidl_typesupport_fastrtps_c;rosidl_typesupport_introspection_c
[5.433s] -- Found rosidl_adapter: 3.1.5 (/opt/ros/humble/share/rosidl_adapter/cmake)
[5.933s] -- Using all available rosidl_typesupport_cpp: rosidl_typesupport_fastrtps_cpp;rosidl_typesupport_introspection_cpp
[6.168s] -- Found rclcpp: 16.0.8 (/opt/ros/humble/share/rclcpp/cmake)
[6.527s] -- Found rmw_implementation_cmake: 6.1.1 (/opt/ros/humble/share/rmw_implementation_cmake/cmake)
[6.542s] -- Found rmw_fastrtps_cpp: 6.2.6 (/opt/ros/humble/share/rmw_fastrtps_cpp/cmake)
[7.393s] -- Found OpenSSL: /usr/lib/x86_64-linux-gnu/libcrypto.so (found version "3.0.2")  
[7.454s] -- Found FastRTPS: /opt/ros/humble/include  
[7.511s] -- Using RMW implementation 'rmw_fastrtps_cpp' as default
[7.672s] -- Looking for pthread.h
[8.296s] -- Looking for pthread.h - found
[8.296s] -- Performing Test CMAKE_HAVE_LIBC_PTHREAD
[8.480s] -- Performing Test CMAKE_HAVE_LIBC_PTHREAD - Success
[8.481s] -- Found Threads: TRUE  
[9.063s] [31mCMake Error at /opt/ros/humble/share/rosidl_cmake/cmake/rosidl_generate_interfaces.cmake:93 (message):
[9.063s]   rosidl_generate_interfaces() the passed file 'msg/Message1.msg' doesn't
[9.064s]   exist relative to the CMAKE_CURRENT_SOURCE_DIR
[9.064s]   '/home/bfmadera/ros2_ws/src/more_interfaces'
[9.064s] Call Stack (most recent call first):
[9.064s]   CMakeLists.txt:44 (rosidl_generate_interfaces)
[9.064s] 
[9.064s] [0m
[9.064s] -- Configuring incomplete, errors occurred!
[9.064s] See also "/home/bfmadera/ros2_ws/build/more_interfaces/CMakeFiles/CMakeOutput.log".
[9.075s] Invoked command in '/home/bfmadera/ros2_ws/build/more_interfaces' returned '1': CMAKE_PREFIX_PATH=/opt/ros/humble:${CMAKE_PREFIX_PATH} /usr/bin/cmake /home/bfmadera/ros2_ws/src/more_interfaces -DCMAKE_INSTALL_PREFIX=/home/bfmadera/ros2_ws/install/more_interfaces
