[1.615s] Invoking command in '/home/bfmadera/ros2_ws/src/py_srvcli': AMENT_PREFIX_PATH=/home/bfmadera/ros2_ws/install/tutorial_interfaces:${AMENT_PREFIX_PATH} CMAKE_PREFIX_PATH=/home/bfmadera/ros2_ws/install/tutorial_interfaces:${CMAKE_PREFIX_PATH} LD_LIBRARY_PATH=/home/bfmadera/ros2_ws/install/tutorial_interfaces/lib:${LD_LIBRARY_PATH} PYTHONPATH=/home/bfmadera/ros2_ws/build/py_srvcli/prefix_override:/home/bfmadera/ros2_ws/install/py_srvcli/lib/python3.10/site-packages:/home/bfmadera/ros2_ws/install/tutorial_interfaces/local/lib/python3.10/dist-packages:${PYTHONPATH} /usr/bin/python3 setup.py egg_info --egg-base ../../build/py_srvcli build --build-base /home/bfmadera/ros2_ws/build/py_srvcli/build install --record /home/bfmadera/ros2_ws/build/py_srvcli/install.log --single-version-externally-managed
[1.884s] running egg_info
[1.884s] writing ../../build/py_srvcli/py_srvcli.egg-info/PKG-INFO
[1.885s] writing dependency_links to ../../build/py_srvcli/py_srvcli.egg-info/dependency_links.txt
[1.885s] writing entry points to ../../build/py_srvcli/py_srvcli.egg-info/entry_points.txt
[1.885s] writing requirements to ../../build/py_srvcli/py_srvcli.egg-info/requires.txt
[1.885s] writing top-level names to ../../build/py_srvcli/py_srvcli.egg-info/top_level.txt
[1.887s] reading manifest file '../../build/py_srvcli/py_srvcli.egg-info/SOURCES.txt'
[1.902s] adding license file 'LICENSE'
[1.903s] writing manifest file '../../build/py_srvcli/py_srvcli.egg-info/SOURCES.txt'
[1.903s] running build
[1.903s] running build_py
[1.903s] copying py_srvcli/client_member_function.py -> /home/bfmadera/ros2_ws/build/py_srvcli/build/lib/py_srvcli
[1.903s] copying py_srvcli/service_member_function.py -> /home/bfmadera/ros2_ws/build/py_srvcli/build/lib/py_srvcli
[1.903s] running install
[1.921s] /usr/lib/python3/dist-packages/setuptools/command/install.py:34: SetuptoolsDeprecationWarning: setup.py install is deprecated. Use build and pip and other standards-based tools.
[1.921s]   warnings.warn(
[1.922s] running install_lib
[1.926s] copying /home/bfmadera/ros2_ws/build/py_srvcli/build/lib/py_srvcli/client_member_function.py -> /home/bfmadera/ros2_ws/install/py_srvcli/lib/python3.10/site-packages/py_srvcli
[1.926s] copying /home/bfmadera/ros2_ws/build/py_srvcli/build/lib/py_srvcli/service_member_function.py -> /home/bfmadera/ros2_ws/install/py_srvcli/lib/python3.10/site-packages/py_srvcli
[1.929s] byte-compiling /home/bfmadera/ros2_ws/install/py_srvcli/lib/python3.10/site-packages/py_srvcli/client_member_function.py to client_member_function.cpython-310.pyc
[1.932s] byte-compiling /home/bfmadera/ros2_ws/install/py_srvcli/lib/python3.10/site-packages/py_srvcli/service_member_function.py to service_member_function.cpython-310.pyc
[1.934s] running install_data
[1.936s] copying package.xml -> /home/bfmadera/ros2_ws/install/py_srvcli/share/py_srvcli
[1.937s] running install_egg_info
[1.943s] removing '/home/bfmadera/ros2_ws/install/py_srvcli/lib/python3.10/site-packages/py_srvcli-0.0.0-py3.10.egg-info' (and everything under it)
[1.943s] Copying ../../build/py_srvcli/py_srvcli.egg-info to /home/bfmadera/ros2_ws/install/py_srvcli/lib/python3.10/site-packages/py_srvcli-0.0.0-py3.10.egg-info
[1.963s] running install_scripts
[2.001s] Installing client script to /home/bfmadera/ros2_ws/install/py_srvcli/lib/py_srvcli
[2.001s] Installing service script to /home/bfmadera/ros2_ws/install/py_srvcli/lib/py_srvcli
[2.001s] writing list of installed files to '/home/bfmadera/ros2_ws/build/py_srvcli/install.log'
[2.028s] Invoked command in '/home/bfmadera/ros2_ws/src/py_srvcli' returned '0': AMENT_PREFIX_PATH=/home/bfmadera/ros2_ws/install/tutorial_interfaces:${AMENT_PREFIX_PATH} CMAKE_PREFIX_PATH=/home/bfmadera/ros2_ws/install/tutorial_interfaces:${CMAKE_PREFIX_PATH} LD_LIBRARY_PATH=/home/bfmadera/ros2_ws/install/tutorial_interfaces/lib:${LD_LIBRARY_PATH} PYTHONPATH=/home/bfmadera/ros2_ws/build/py_srvcli/prefix_override:/home/bfmadera/ros2_ws/install/py_srvcli/lib/python3.10/site-packages:/home/bfmadera/ros2_ws/install/tutorial_interfaces/local/lib/python3.10/dist-packages:${PYTHONPATH} /usr/bin/python3 setup.py egg_info --egg-base ../../build/py_srvcli build --build-base /home/bfmadera/ros2_ws/build/py_srvcli/build install --record /home/bfmadera/ros2_ws/build/py_srvcli/install.log --single-version-externally-managed
