[0.821s] Invoking command in '/home/bfmadera/ros2_ws/src/py_srvcli': PYTHONPATH=/home/bfmadera/ros2_ws/build/py_srvcli/prefix_override:/home/bfmadera/ros2_ws/install/py_srvcli/lib/python3.10/site-packages:${PYTHONPATH} /usr/bin/python3 setup.py egg_info --egg-base ../../build/py_srvcli build --build-base /home/bfmadera/ros2_ws/build/py_srvcli/build install --record /home/bfmadera/ros2_ws/build/py_srvcli/install.log --single-version-externally-managed
[1.087s] running egg_info
[1.088s] writing ../../build/py_srvcli/py_srvcli.egg-info/PKG-INFO
[1.088s] writing dependency_links to ../../build/py_srvcli/py_srvcli.egg-info/dependency_links.txt
[1.088s] writing entry points to ../../build/py_srvcli/py_srvcli.egg-info/entry_points.txt
[1.088s] writing requirements to ../../build/py_srvcli/py_srvcli.egg-info/requires.txt
[1.088s] writing top-level names to ../../build/py_srvcli/py_srvcli.egg-info/top_level.txt
[1.090s] reading manifest file '../../build/py_srvcli/py_srvcli.egg-info/SOURCES.txt'
[1.090s] adding license file 'LICENSE'
[1.091s] writing manifest file '../../build/py_srvcli/py_srvcli.egg-info/SOURCES.txt'
[1.091s] running build
[1.091s] running build_py
[1.092s] running install
[1.092s] /usr/lib/python3/dist-packages/setuptools/command/install.py:34: SetuptoolsDeprecationWarning: setup.py install is deprecated. Use build and pip and other standards-based tools.
[1.092s]   warnings.warn(
[1.092s] running install_lib
[1.093s] running install_data
[1.094s] running install_egg_info
[1.096s] removing '/home/bfmadera/ros2_ws/install/py_srvcli/lib/python3.10/site-packages/py_srvcli-0.0.0-py3.10.egg-info' (and everything under it)
[1.097s] Copying ../../build/py_srvcli/py_srvcli.egg-info to /home/bfmadera/ros2_ws/install/py_srvcli/lib/python3.10/site-packages/py_srvcli-0.0.0-py3.10.egg-info
[1.098s] running install_scripts
[1.118s] Installing client script to /home/bfmadera/ros2_ws/install/py_srvcli/lib/py_srvcli
[1.118s] Installing service script to /home/bfmadera/ros2_ws/install/py_srvcli/lib/py_srvcli
[1.118s] writing list of installed files to '/home/bfmadera/ros2_ws/build/py_srvcli/install.log'
[1.146s] Invoked command in '/home/bfmadera/ros2_ws/src/py_srvcli' returned '0': PYTHONPATH=/home/bfmadera/ros2_ws/build/py_srvcli/prefix_override:/home/bfmadera/ros2_ws/install/py_srvcli/lib/python3.10/site-packages:${PYTHONPATH} /usr/bin/python3 setup.py egg_info --egg-base ../../build/py_srvcli build --build-base /home/bfmadera/ros2_ws/build/py_srvcli/build install --record /home/bfmadera/ros2_ws/build/py_srvcli/install.log --single-version-externally-managed
