[0.388s] Invoking command in '/home/bfmadera/ros2_ws/build/cpp_pubsub': AMENT_PREFIX_PATH=/home/bfmadera/ros2_ws/install/tutorial_interfaces:${AMENT_PREFIX_PATH} CMAKE_PREFIX_PATH=/home/bfmadera/ros2_ws/install/tutorial_interfaces:/opt/ros/humble:${CMAKE_PREFIX_PATH} LD_LIBRARY_PATH=/home/bfmadera/ros2_ws/install/tutorial_interfaces/lib:${LD_LIBRARY_PATH} PYTHONPATH=/home/bfmadera/ros2_ws/install/tutorial_interfaces/local/lib/python3.10/dist-packages:${PYTHONPATH} /usr/bin/cmake --build /home/bfmadera/ros2_ws/build/cpp_pubsub -- -j8 -l8
[0.670s] [35m[1mConsolidate compiler generated dependencies of target listener[0m
[0.671s] [35m[1mConsolidate compiler generated dependencies of target talker[0m
[0.707s] [ 50%] Built target listener
[0.707s] [100%] Built target talker
[0.727s] Invoked command in '/home/bfmadera/ros2_ws/build/cpp_pubsub' returned '0': AMENT_PREFIX_PATH=/home/bfmadera/ros2_ws/install/tutorial_interfaces:${AMENT_PREFIX_PATH} CMAKE_PREFIX_PATH=/home/bfmadera/ros2_ws/install/tutorial_interfaces:/opt/ros/humble:${CMAKE_PREFIX_PATH} LD_LIBRARY_PATH=/home/bfmadera/ros2_ws/install/tutorial_interfaces/lib:${LD_LIBRARY_PATH} PYTHONPATH=/home/bfmadera/ros2_ws/install/tutorial_interfaces/local/lib/python3.10/dist-packages:${PYTHONPATH} /usr/bin/cmake --build /home/bfmadera/ros2_ws/build/cpp_pubsub -- -j8 -l8
[0.774s] Invoking command in '/home/bfmadera/ros2_ws/build/cpp_pubsub': AMENT_PREFIX_PATH=/home/bfmadera/ros2_ws/install/tutorial_interfaces:${AMENT_PREFIX_PATH} CMAKE_PREFIX_PATH=/home/bfmadera/ros2_ws/install/tutorial_interfaces:/opt/ros/humble:${CMAKE_PREFIX_PATH} LD_LIBRARY_PATH=/home/bfmadera/ros2_ws/install/tutorial_interfaces/lib:${LD_LIBRARY_PATH} PYTHONPATH=/home/bfmadera/ros2_ws/install/tutorial_interfaces/local/lib/python3.10/dist-packages:${PYTHONPATH} /usr/bin/cmake --install /home/bfmadera/ros2_ws/build/cpp_pubsub
[0.783s] -- Install configuration: ""
[0.783s] -- Up-to-date: /home/bfmadera/ros2_ws/install/cpp_pubsub/lib/cpp_pubsub/talker
[0.784s] -- Up-to-date: /home/bfmadera/ros2_ws/install/cpp_pubsub/lib/cpp_pubsub/listener
[0.784s] -- Up-to-date: /home/bfmadera/ros2_ws/install/cpp_pubsub/share/ament_index/resource_index/package_run_dependencies/cpp_pubsub
[0.784s] -- Up-to-date: /home/bfmadera/ros2_ws/install/cpp_pubsub/share/ament_index/resource_index/parent_prefix_path/cpp_pubsub
[0.784s] -- Up-to-date: /home/bfmadera/ros2_ws/install/cpp_pubsub/share/cpp_pubsub/environment/ament_prefix_path.sh
[0.784s] -- Up-to-date: /home/bfmadera/ros2_ws/install/cpp_pubsub/share/cpp_pubsub/environment/ament_prefix_path.dsv
[0.784s] -- Up-to-date: /home/bfmadera/ros2_ws/install/cpp_pubsub/share/cpp_pubsub/environment/path.sh
[0.784s] -- Up-to-date: /home/bfmadera/ros2_ws/install/cpp_pubsub/share/cpp_pubsub/environment/path.dsv
[0.784s] -- Up-to-date: /home/bfmadera/ros2_ws/install/cpp_pubsub/share/cpp_pubsub/local_setup.bash
[0.785s] -- Up-to-date: /home/bfmadera/ros2_ws/install/cpp_pubsub/share/cpp_pubsub/local_setup.sh
[0.785s] -- Up-to-date: /home/bfmadera/ros2_ws/install/cpp_pubsub/share/cpp_pubsub/local_setup.zsh
[0.785s] -- Up-to-date: /home/bfmadera/ros2_ws/install/cpp_pubsub/share/cpp_pubsub/local_setup.dsv
[0.785s] -- Installing: /home/bfmadera/ros2_ws/install/cpp_pubsub/share/cpp_pubsub/package.dsv
[0.785s] -- Up-to-date: /home/bfmadera/ros2_ws/install/cpp_pubsub/share/ament_index/resource_index/packages/cpp_pubsub
[0.785s] -- Up-to-date: /home/bfmadera/ros2_ws/install/cpp_pubsub/share/cpp_pubsub/cmake/cpp_pubsubConfig.cmake
[0.785s] -- Up-to-date: /home/bfmadera/ros2_ws/install/cpp_pubsub/share/cpp_pubsub/cmake/cpp_pubsubConfig-version.cmake
[0.785s] -- Up-to-date: /home/bfmadera/ros2_ws/install/cpp_pubsub/share/cpp_pubsub/package.xml
[0.787s] Invoked command in '/home/bfmadera/ros2_ws/build/cpp_pubsub' returned '0': AMENT_PREFIX_PATH=/home/bfmadera/ros2_ws/install/tutorial_interfaces:${AMENT_PREFIX_PATH} CMAKE_PREFIX_PATH=/home/bfmadera/ros2_ws/install/tutorial_interfaces:/opt/ros/humble:${CMAKE_PREFIX_PATH} LD_LIBRARY_PATH=/home/bfmadera/ros2_ws/install/tutorial_interfaces/lib:${LD_LIBRARY_PATH} PYTHONPATH=/home/bfmadera/ros2_ws/install/tutorial_interfaces/local/lib/python3.10/dist-packages:${PYTHONPATH} /usr/bin/cmake --install /home/bfmadera/ros2_ws/build/cpp_pubsub
