[0.128s] Invoking command in '/home/bfmadera/ros2_ws/build/cpp_pubsub': CMAKE_PREFIX_PATH=/opt/ros/humble:${CMAKE_PREFIX_PATH} /usr/bin/cmake --build /home/bfmadera/ros2_ws/build/cpp_pubsub -- -j8 -l8
[0.465s] -- Found ament_cmake: 1.3.6 (/opt/ros/humble/share/ament_cmake/cmake)
[1.137s] -- Found rclcpp: 16.0.8 (/opt/ros/humble/share/rclcpp/cmake)
[2.216s] -- Found rosidl_generator_c: 3.1.5 (/opt/ros/humble/share/rosidl_generator_c/cmake)
[2.270s] -- Found rosidl_adapter: 3.1.5 (/opt/ros/humble/share/rosidl_adapter/cmake)
[2.329s] -- Found rosidl_generator_cpp: 3.1.5 (/opt/ros/humble/share/rosidl_generator_cpp/cmake)
[2.404s] -- Using all available rosidl_typesupport_c: rosidl_typesupport_fastrtps_c;rosidl_typesupport_introspection_c
[2.539s] -- Using all available rosidl_typesupport_cpp: rosidl_typesupport_fastrtps_cpp;rosidl_typesupport_introspection_cpp
[3.037s] -- Found rmw_implementation_cmake: 6.1.1 (/opt/ros/humble/share/rmw_implementation_cmake/cmake)
[3.073s] -- Found rmw_fastrtps_cpp: 6.2.5 (/opt/ros/humble/share/rmw_fastrtps_cpp/cmake)
[3.758s] -- Using RMW implementation 'rmw_fastrtps_cpp' as default
[4.331s] -- Configuring done
[4.455s] -- Generating done
[4.461s] -- Build files have been written to: /home/bfmadera/ros2_ws/build/cpp_pubsub
[4.511s] [35m[1mConsolidate compiler generated dependencies of target talker[0m
[4.511s] [35m[1mConsolidate compiler generated dependencies of target listener[0m
[4.532s] [ 50%] Built target listener
[4.532s] [100%] Built target talker
[4.544s] Invoked command in '/home/bfmadera/ros2_ws/build/cpp_pubsub' returned '0': CMAKE_PREFIX_PATH=/opt/ros/humble:${CMAKE_PREFIX_PATH} /usr/bin/cmake --build /home/bfmadera/ros2_ws/build/cpp_pubsub -- -j8 -l8
[4.588s] Invoking command in '/home/bfmadera/ros2_ws/build/cpp_pubsub': CMAKE_PREFIX_PATH=/opt/ros/humble:${CMAKE_PREFIX_PATH} /usr/bin/cmake --install /home/bfmadera/ros2_ws/build/cpp_pubsub
[4.596s] -- Install configuration: ""
[4.596s] -- Up-to-date: /home/bfmadera/ros2_ws/install/cpp_pubsub/lib/cpp_pubsub/talker
[4.597s] -- Up-to-date: /home/bfmadera/ros2_ws/install/cpp_pubsub/lib/cpp_pubsub/listener
[4.597s] -- Up-to-date: /home/bfmadera/ros2_ws/install/cpp_pubsub/share/ament_index/resource_index/package_run_dependencies/cpp_pubsub
[4.597s] -- Up-to-date: /home/bfmadera/ros2_ws/install/cpp_pubsub/share/ament_index/resource_index/parent_prefix_path/cpp_pubsub
[4.597s] -- Up-to-date: /home/bfmadera/ros2_ws/install/cpp_pubsub/share/cpp_pubsub/environment/ament_prefix_path.sh
[4.597s] -- Installing: /home/bfmadera/ros2_ws/install/cpp_pubsub/share/cpp_pubsub/environment/ament_prefix_path.dsv
[4.597s] -- Up-to-date: /home/bfmadera/ros2_ws/install/cpp_pubsub/share/cpp_pubsub/environment/path.sh
[4.597s] -- Installing: /home/bfmadera/ros2_ws/install/cpp_pubsub/share/cpp_pubsub/environment/path.dsv
[4.598s] -- Up-to-date: /home/bfmadera/ros2_ws/install/cpp_pubsub/share/cpp_pubsub/local_setup.bash
[4.598s] -- Up-to-date: /home/bfmadera/ros2_ws/install/cpp_pubsub/share/cpp_pubsub/local_setup.sh
[4.598s] -- Up-to-date: /home/bfmadera/ros2_ws/install/cpp_pubsub/share/cpp_pubsub/local_setup.zsh
[4.598s] -- Installing: /home/bfmadera/ros2_ws/install/cpp_pubsub/share/cpp_pubsub/local_setup.dsv
[4.598s] -- Installing: /home/bfmadera/ros2_ws/install/cpp_pubsub/share/cpp_pubsub/package.dsv
[4.598s] -- Up-to-date: /home/bfmadera/ros2_ws/install/cpp_pubsub/share/ament_index/resource_index/packages/cpp_pubsub
[4.598s] -- Up-to-date: /home/bfmadera/ros2_ws/install/cpp_pubsub/share/cpp_pubsub/cmake/cpp_pubsubConfig.cmake
[4.598s] -- Up-to-date: /home/bfmadera/ros2_ws/install/cpp_pubsub/share/cpp_pubsub/cmake/cpp_pubsubConfig-version.cmake
[4.598s] -- Up-to-date: /home/bfmadera/ros2_ws/install/cpp_pubsub/share/cpp_pubsub/package.xml
[4.600s] Invoked command in '/home/bfmadera/ros2_ws/build/cpp_pubsub' returned '0': CMAKE_PREFIX_PATH=/opt/ros/humble:${CMAKE_PREFIX_PATH} /usr/bin/cmake --install /home/bfmadera/ros2_ws/build/cpp_pubsub
