[0.078s] Invoking command in '/home/bfmadera/ros2_ws/build/polygon_plugins': AMENT_PREFIX_PATH=/home/bfmadera/ros2_ws/install/polygon_base:${AMENT_PREFIX_PATH} CMAKE_PREFIX_PATH=/home/bfmadera/ros2_ws/install/polygon_base:/opt/ros/humble:${CMAKE_PREFIX_PATH} LD_LIBRARY_PATH=/home/bfmadera/ros2_ws/install/polygon_base/lib:${LD_LIBRARY_PATH} /usr/bin/cmake --build /home/bfmadera/ros2_ws/build/polygon_plugins -- -j8 -l8
[0.133s] [100%] Built target polygon_plugins
[0.146s] Invoked command in '/home/bfmadera/ros2_ws/build/polygon_plugins' returned '0': AMENT_PREFIX_PATH=/home/bfmadera/ros2_ws/install/polygon_base:${AMENT_PREFIX_PATH} CMAKE_PREFIX_PATH=/home/bfmadera/ros2_ws/install/polygon_base:/opt/ros/humble:${CMAKE_PREFIX_PATH} LD_LIBRARY_PATH=/home/bfmadera/ros2_ws/install/polygon_base/lib:${LD_LIBRARY_PATH} /usr/bin/cmake --build /home/bfmadera/ros2_ws/build/polygon_plugins -- -j8 -l8
[0.174s] Invoking command in '/home/bfmadera/ros2_ws/build/polygon_plugins': AMENT_PREFIX_PATH=/home/bfmadera/ros2_ws/install/polygon_base:${AMENT_PREFIX_PATH} CMAKE_PREFIX_PATH=/home/bfmadera/ros2_ws/install/polygon_base:/opt/ros/humble:${CMAKE_PREFIX_PATH} LD_LIBRARY_PATH=/home/bfmadera/ros2_ws/install/polygon_base/lib:${LD_LIBRARY_PATH} /usr/bin/cmake --install /home/bfmadera/ros2_ws/build/polygon_plugins
[0.184s] -- Install configuration: "Debug"
[0.185s] -- Execute custom install script
[0.185s] -- Up-to-date symlink: /home/bfmadera/ros2_ws/install/polygon_plugins/share/polygon_plugins//plugins.xml
[0.185s] -- Up-to-date symlink: /home/bfmadera/ros2_ws/install/polygon_plugins/include/polygon_plugins/polygon_plugins.hpp
[0.185s] -- Up-to-date symlink: /home/bfmadera/ros2_ws/install/polygon_plugins/include/polygon_plugins/visibility_control.h
[0.185s] -- Up-to-date symlink: /home/bfmadera/ros2_ws/install/polygon_plugins/share/polygon_plugins/environment/library_path.sh
[0.186s] -- Up-to-date symlink: /home/bfmadera/ros2_ws/install/polygon_plugins/share/polygon_plugins/environment/library_path.dsv
[0.186s] -- Up-to-date symlink: /home/bfmadera/ros2_ws/install/polygon_plugins/share/ament_index/resource_index/package_run_dependencies/polygon_plugins
[0.186s] -- Up-to-date symlink: /home/bfmadera/ros2_ws/install/polygon_plugins/share/ament_index/resource_index/parent_prefix_path/polygon_plugins
[0.186s] -- Up-to-date symlink: /home/bfmadera/ros2_ws/install/polygon_plugins/share/polygon_plugins/environment/ament_prefix_path.sh
[0.186s] -- Up-to-date symlink: /home/bfmadera/ros2_ws/install/polygon_plugins/share/polygon_plugins/environment/ament_prefix_path.dsv
[0.186s] -- Up-to-date symlink: /home/bfmadera/ros2_ws/install/polygon_plugins/share/polygon_plugins/environment/path.sh
[0.187s] -- Up-to-date symlink: /home/bfmadera/ros2_ws/install/polygon_plugins/share/polygon_plugins/environment/path.dsv
[0.187s] -- Up-to-date symlink: /home/bfmadera/ros2_ws/install/polygon_plugins/share/polygon_plugins/local_setup.bash
[0.187s] -- Up-to-date symlink: /home/bfmadera/ros2_ws/install/polygon_plugins/share/polygon_plugins/local_setup.sh
[0.187s] -- Up-to-date symlink: /home/bfmadera/ros2_ws/install/polygon_plugins/share/polygon_plugins/local_setup.zsh
[0.187s] -- Up-to-date symlink: /home/bfmadera/ros2_ws/install/polygon_plugins/share/polygon_plugins/local_setup.dsv
[0.187s] -- Symlinking: /home/bfmadera/ros2_ws/install/polygon_plugins/share/polygon_plugins/package.dsv
[0.198s] -- Up-to-date symlink: /home/bfmadera/ros2_ws/install/polygon_plugins/share/ament_index/resource_index/packages/polygon_plugins
[0.198s] -- Up-to-date symlink: /home/bfmadera/ros2_ws/install/polygon_plugins/share/ament_index/resource_index/polygon_base__pluginlib__plugin/polygon_plugins
[0.198s] -- Up-to-date symlink: /home/bfmadera/ros2_ws/install/polygon_plugins/share/polygon_plugins/cmake/ament_cmake_export_include_directories-extras.cmake
[0.198s] -- Up-to-date symlink: /home/bfmadera/ros2_ws/install/polygon_plugins/share/polygon_plugins/cmake/ament_cmake_export_libraries-extras.cmake
[0.198s] -- Up-to-date symlink: /home/bfmadera/ros2_ws/install/polygon_plugins/share/polygon_plugins/cmake/ament_cmake_export_targets-extras.cmake
[0.198s] -- Up-to-date symlink: /home/bfmadera/ros2_ws/install/polygon_plugins/share/polygon_plugins/cmake/polygon_pluginsConfig.cmake
[0.199s] -- Up-to-date symlink: /home/bfmadera/ros2_ws/install/polygon_plugins/share/polygon_plugins/cmake/polygon_pluginsConfig-version.cmake
[0.199s] -- Up-to-date symlink: /home/bfmadera/ros2_ws/install/polygon_plugins/share/polygon_plugins/package.xml
[0.199s] -- Up-to-date: /home/bfmadera/ros2_ws/install/polygon_plugins/lib/libpolygon_plugins.so
[0.200s] -- Up-to-date: /home/bfmadera/ros2_ws/install/polygon_plugins/share/polygon_plugins/cmake/export_polygon_pluginsExport.cmake
[0.200s] -- Up-to-date: /home/bfmadera/ros2_ws/install/polygon_plugins/share/polygon_plugins/cmake/export_polygon_pluginsExport-debug.cmake
[0.202s] Invoked command in '/home/bfmadera/ros2_ws/build/polygon_plugins' returned '0': AMENT_PREFIX_PATH=/home/bfmadera/ros2_ws/install/polygon_base:${AMENT_PREFIX_PATH} CMAKE_PREFIX_PATH=/home/bfmadera/ros2_ws/install/polygon_base:/opt/ros/humble:${CMAKE_PREFIX_PATH} LD_LIBRARY_PATH=/home/bfmadera/ros2_ws/install/polygon_base/lib:${LD_LIBRARY_PATH} /usr/bin/cmake --install /home/bfmadera/ros2_ws/build/polygon_plugins
