[0.284s] Invoking command in '/home/bfmadera/ros2_ws/build/cpp_pubsub': AMENT_PREFIX_PATH=/home/bfmadera/ros2_ws/install/tutorial_interfaces:${AMENT_PREFIX_PATH} CMAKE_PREFIX_PATH=/home/bfmadera/ros2_ws/install/tutorial_interfaces:/opt/ros/humble:${CMAKE_PREFIX_PATH} LD_LIBRARY_PATH=/home/bfmadera/ros2_ws/install/tutorial_interfaces/lib:${LD_LIBRARY_PATH} PYTHONPATH=/home/bfmadera/ros2_ws/install/tutorial_interfaces/local/lib/python3.10/dist-packages:${PYTHONPATH} /usr/bin/cmake --build /home/bfmadera/ros2_ws/build/cpp_pubsub -- -j8 -l8
[0.577s] -- Found ament_cmake: 1.3.6 (/opt/ros/humble/share/ament_cmake/cmake)
[1.358s] -- Found rclcpp: 16.0.8 (/opt/ros/humble/share/rclcpp/cmake)
[2.265s] -- Found rosidl_generator_c: 3.1.5 (/opt/ros/humble/share/rosidl_generator_c/cmake)
[2.296s] -- Found rosidl_adapter: 3.1.5 (/opt/ros/humble/share/rosidl_adapter/cmake)
[2.356s] -- Found rosidl_generator_cpp: 3.1.5 (/opt/ros/humble/share/rosidl_generator_cpp/cmake)
[2.410s] -- Using all available rosidl_typesupport_c: rosidl_typesupport_fastrtps_c;rosidl_typesupport_introspection_c
[2.505s] -- Using all available rosidl_typesupport_cpp: rosidl_typesupport_fastrtps_cpp;rosidl_typesupport_introspection_cpp
[3.498s] -- Found rmw_implementation_cmake: 6.1.1 (/opt/ros/humble/share/rmw_implementation_cmake/cmake)
[3.545s] -- Found rmw_fastrtps_cpp: 6.2.5 (/opt/ros/humble/share/rmw_fastrtps_cpp/cmake)
[4.196s] -- Using RMW implementation 'rmw_fastrtps_cpp' as default
[4.599s] -- Found tutorial_interfaces: 0.0.0 (/home/bfmadera/ros2_ws/install/tutorial_interfaces/share/tutorial_interfaces/cmake)
[5.039s] -- Configuring done
[5.163s] -- Generating done
[5.170s] -- Build files have been written to: /home/bfmadera/ros2_ws/build/cpp_pubsub
[5.209s] [35m[1mConsolidate compiler generated dependencies of target talker[0m
[5.209s] [35m[1mConsolidate compiler generated dependencies of target listener[0m
[5.232s] [ 75%] [32mBuilding CXX object CMakeFiles/listener.dir/src/subscriber_member_function.cpp.o[0m
[5.232s] [ 75%] Built target talker
[17.235s] [100%] [32m[1mLinking CXX executable listener[0m
[17.702s] [100%] Built target listener
[17.716s] Invoked command in '/home/bfmadera/ros2_ws/build/cpp_pubsub' returned '0': AMENT_PREFIX_PATH=/home/bfmadera/ros2_ws/install/tutorial_interfaces:${AMENT_PREFIX_PATH} CMAKE_PREFIX_PATH=/home/bfmadera/ros2_ws/install/tutorial_interfaces:/opt/ros/humble:${CMAKE_PREFIX_PATH} LD_LIBRARY_PATH=/home/bfmadera/ros2_ws/install/tutorial_interfaces/lib:${LD_LIBRARY_PATH} PYTHONPATH=/home/bfmadera/ros2_ws/install/tutorial_interfaces/local/lib/python3.10/dist-packages:${PYTHONPATH} /usr/bin/cmake --build /home/bfmadera/ros2_ws/build/cpp_pubsub -- -j8 -l8
[17.762s] Invoking command in '/home/bfmadera/ros2_ws/build/cpp_pubsub': AMENT_PREFIX_PATH=/home/bfmadera/ros2_ws/install/tutorial_interfaces:${AMENT_PREFIX_PATH} CMAKE_PREFIX_PATH=/home/bfmadera/ros2_ws/install/tutorial_interfaces:/opt/ros/humble:${CMAKE_PREFIX_PATH} LD_LIBRARY_PATH=/home/bfmadera/ros2_ws/install/tutorial_interfaces/lib:${LD_LIBRARY_PATH} PYTHONPATH=/home/bfmadera/ros2_ws/install/tutorial_interfaces/local/lib/python3.10/dist-packages:${PYTHONPATH} /usr/bin/cmake --install /home/bfmadera/ros2_ws/build/cpp_pubsub
[17.770s] -- Install configuration: ""
[17.771s] -- Up-to-date: /home/bfmadera/ros2_ws/install/cpp_pubsub/lib/cpp_pubsub/talker
[17.771s] -- Installing: /home/bfmadera/ros2_ws/install/cpp_pubsub/lib/cpp_pubsub/listener
[17.776s] -- Set runtime path of "/home/bfmadera/ros2_ws/install/cpp_pubsub/lib/cpp_pubsub/listener" to ""
[17.776s] -- Up-to-date: /home/bfmadera/ros2_ws/install/cpp_pubsub/share/ament_index/resource_index/package_run_dependencies/cpp_pubsub
[17.777s] -- Installing: /home/bfmadera/ros2_ws/install/cpp_pubsub/share/ament_index/resource_index/parent_prefix_path/cpp_pubsub
[17.777s] -- Up-to-date: /home/bfmadera/ros2_ws/install/cpp_pubsub/share/cpp_pubsub/environment/ament_prefix_path.sh
[17.777s] -- Installing: /home/bfmadera/ros2_ws/install/cpp_pubsub/share/cpp_pubsub/environment/ament_prefix_path.dsv
[17.777s] -- Up-to-date: /home/bfmadera/ros2_ws/install/cpp_pubsub/share/cpp_pubsub/environment/path.sh
[17.777s] -- Installing: /home/bfmadera/ros2_ws/install/cpp_pubsub/share/cpp_pubsub/environment/path.dsv
[17.778s] -- Up-to-date: /home/bfmadera/ros2_ws/install/cpp_pubsub/share/cpp_pubsub/local_setup.bash
[17.778s] -- Up-to-date: /home/bfmadera/ros2_ws/install/cpp_pubsub/share/cpp_pubsub/local_setup.sh
[17.778s] -- Up-to-date: /home/bfmadera/ros2_ws/install/cpp_pubsub/share/cpp_pubsub/local_setup.zsh
[17.778s] -- Installing: /home/bfmadera/ros2_ws/install/cpp_pubsub/share/cpp_pubsub/local_setup.dsv
[17.778s] -- Installing: /home/bfmadera/ros2_ws/install/cpp_pubsub/share/cpp_pubsub/package.dsv
[17.779s] -- Up-to-date: /home/bfmadera/ros2_ws/install/cpp_pubsub/share/ament_index/resource_index/packages/cpp_pubsub
[17.779s] -- Up-to-date: /home/bfmadera/ros2_ws/install/cpp_pubsub/share/cpp_pubsub/cmake/cpp_pubsubConfig.cmake
[17.779s] -- Up-to-date: /home/bfmadera/ros2_ws/install/cpp_pubsub/share/cpp_pubsub/cmake/cpp_pubsubConfig-version.cmake
[17.779s] -- Installing: /home/bfmadera/ros2_ws/install/cpp_pubsub/share/cpp_pubsub/package.xml
[17.781s] Invoked command in '/home/bfmadera/ros2_ws/build/cpp_pubsub' returned '0': AMENT_PREFIX_PATH=/home/bfmadera/ros2_ws/install/tutorial_interfaces:${AMENT_PREFIX_PATH} CMAKE_PREFIX_PATH=/home/bfmadera/ros2_ws/install/tutorial_interfaces:/opt/ros/humble:${CMAKE_PREFIX_PATH} LD_LIBRARY_PATH=/home/bfmadera/ros2_ws/install/tutorial_interfaces/lib:${LD_LIBRARY_PATH} PYTHONPATH=/home/bfmadera/ros2_ws/install/tutorial_interfaces/local/lib/python3.10/dist-packages:${PYTHONPATH} /usr/bin/cmake --install /home/bfmadera/ros2_ws/build/cpp_pubsub
