[0.191s] Invoking command in '/home/bfmadera/ros2_ws/build/cpp_srvcli': CMAKE_PREFIX_PATH=/home/bfmadera/ros2_ws/install/my_package:/home/bfmadera/ros2_ws/install/examples_rclcpp_wait_set:/home/bfmadera/ros2_ws/install/examples_rclcpp_multithreaded_executor:/home/bfmadera/ros2_ws/install/examples_rclcpp_minimal_timer:/home/bfmadera/ros2_ws/install/examples_rclcpp_minimal_subscriber:/home/bfmadera/ros2_ws/install/examples_rclcpp_minimal_service:/home/bfmadera/ros2_ws/install/examples_rclcpp_minimal_publisher:/home/bfmadera/ros2_ws/install/examples_rclcpp_minimal_composition:/home/bfmadera/ros2_ws/install/examples_rclcpp_minimal_client:/home/bfmadera/ros2_ws/install/examples_rclcpp_minimal_action_server:/home/bfmadera/ros2_ws/install/examples_rclcpp_minimal_action_client:/home/bfmadera/ros2_ws/install/examples_rclcpp_cbg_executor:/home/bfmadera/ros2_ws/install/examples_rclcpp_async_client:/home/bfmadera/ros2_ws/install/cpp_pubsub:/home/bfmadera/ros2_ws/install/py_pubsub:/home/bfmadera/ros2_ws/install/launch_testing_examples:/home/bfmadera/ros2_ws/install/examples_rclpy_pointcloud_publisher:/home/bfmadera/ros2_ws/install/examples_rclpy_minimal_subscriber:/home/bfmadera/ros2_ws/install/examples_rclpy_minimal_service:/home/bfmadera/ros2_ws/install/examples_rclpy_minimal_publisher:/home/bfmadera/ros2_ws/install/examples_rclpy_minimal_client:/home/bfmadera/ros2_ws/install/examples_rclpy_minimal_action_server:/home/bfmadera/ros2_ws/install/examples_rclpy_minimal_action_client:/home/bfmadera/ros2_ws/install/examples_rclpy_guard_conditions:/home/bfmadera/ros2_ws/install/examples_rclpy_executors:/opt/ros/humble:/home/bfmadera/catkin_ws/devel /usr/bin/cmake /home/bfmadera/ros2_ws/src/cpp_srvcli -DCMAKE_INSTALL_PREFIX=/home/bfmadera/ros2_ws/install/cpp_srvcli
[0.249s] -- Found ament_cmake: 1.3.6 (/opt/ros/humble/share/ament_cmake/cmake)
[0.621s] -- Found rclcpp: 16.0.8 (/opt/ros/humble/share/rclcpp/cmake)
[1.018s] -- Found rosidl_generator_c: 3.1.5 (/opt/ros/humble/share/rosidl_generator_c/cmake)
[1.023s] -- Found rosidl_adapter: 3.1.5 (/opt/ros/humble/share/rosidl_adapter/cmake)
[1.046s] -- Found rosidl_generator_cpp: 3.1.5 (/opt/ros/humble/share/rosidl_generator_cpp/cmake)
[1.070s] -- Using all available rosidl_typesupport_c: rosidl_typesupport_fastrtps_c;rosidl_typesupport_introspection_c
[1.133s] -- Using all available rosidl_typesupport_cpp: rosidl_typesupport_fastrtps_cpp;rosidl_typesupport_introspection_cpp
[1.203s] -- Found rmw_implementation_cmake: 6.1.1 (/opt/ros/humble/share/rmw_implementation_cmake/cmake)
[1.205s] -- Found rmw_fastrtps_cpp: 6.2.5 (/opt/ros/humble/share/rmw_fastrtps_cpp/cmake)
[1.533s] -- Using RMW implementation 'rmw_fastrtps_cpp' as default
[1.852s] -- Found example_interfaces: 0.9.3 (/opt/ros/humble/share/example_interfaces/cmake)
[2.146s] -- Configuring done
[2.172s] [31mCMake Error at CMakeLists.txt:11 (add_executable):
[2.173s]   Cannot find source file:
[2.173s] 
[2.174s]     src/add_two_ints_client.cpp
[2.175s] 
[2.176s]   Tried extensions .c .C .c++ .cc .cpp .cxx .cu .mpp .m .M .mm .ixx .cppm .h
[2.176s]   .hh .h++ .hm .hpp .hxx .in .txx .f .F .for .f77 .f90 .f95 .f03 .hip .ispc
[2.177s] 
[2.177s] [0m
[2.178s] [31mCMake Error at CMakeLists.txt:11 (add_executable):
[2.178s]   No SOURCES given to target: client
[2.179s] 
[2.180s] [0m
[2.180s] [0mCMake Generate step failed.  Build files cannot be regenerated correctly.[0m
[2.202s] Invoked command in '/home/bfmadera/ros2_ws/build/cpp_srvcli' returned '1': CMAKE_PREFIX_PATH=/home/bfmadera/ros2_ws/install/my_package:/home/bfmadera/ros2_ws/install/examples_rclcpp_wait_set:/home/bfmadera/ros2_ws/install/examples_rclcpp_multithreaded_executor:/home/bfmadera/ros2_ws/install/examples_rclcpp_minimal_timer:/home/bfmadera/ros2_ws/install/examples_rclcpp_minimal_subscriber:/home/bfmadera/ros2_ws/install/examples_rclcpp_minimal_service:/home/bfmadera/ros2_ws/install/examples_rclcpp_minimal_publisher:/home/bfmadera/ros2_ws/install/examples_rclcpp_minimal_composition:/home/bfmadera/ros2_ws/install/examples_rclcpp_minimal_client:/home/bfmadera/ros2_ws/install/examples_rclcpp_minimal_action_server:/home/bfmadera/ros2_ws/install/examples_rclcpp_minimal_action_client:/home/bfmadera/ros2_ws/install/examples_rclcpp_cbg_executor:/home/bfmadera/ros2_ws/install/examples_rclcpp_async_client:/home/bfmadera/ros2_ws/install/cpp_pubsub:/home/bfmadera/ros2_ws/install/py_pubsub:/home/bfmadera/ros2_ws/install/launch_testing_examples:/home/bfmadera/ros2_ws/install/examples_rclpy_pointcloud_publisher:/home/bfmadera/ros2_ws/install/examples_rclpy_minimal_subscriber:/home/bfmadera/ros2_ws/install/examples_rclpy_minimal_service:/home/bfmadera/ros2_ws/install/examples_rclpy_minimal_publisher:/home/bfmadera/ros2_ws/install/examples_rclpy_minimal_client:/home/bfmadera/ros2_ws/install/examples_rclpy_minimal_action_server:/home/bfmadera/ros2_ws/install/examples_rclpy_minimal_action_client:/home/bfmadera/ros2_ws/install/examples_rclpy_guard_conditions:/home/bfmadera/ros2_ws/install/examples_rclpy_executors:/opt/ros/humble:/home/bfmadera/catkin_ws/devel /usr/bin/cmake /home/bfmadera/ros2_ws/src/cpp_srvcli -DCMAKE_INSTALL_PREFIX=/home/bfmadera/ros2_ws/install/cpp_srvcli
