[0.103s] Invoking command in '/home/bfmadera/ros2_ws/build/polygon_base': CMAKE_PREFIX_PATH=/opt/ros/humble:${CMAKE_PREFIX_PATH} /usr/bin/cmake --build /home/bfmadera/ros2_ws/build/polygon_base -- -j8 -l8
[0.141s] -- Found ament_cmake: 1.3.7 (/opt/ros/humble/share/ament_cmake/cmake)
[0.318s] -- Override CMake install command with custom implementation using symlinks instead of copying resources
[0.328s] -- Found ament_cmake_ros: 0.10.0 (/opt/ros/humble/share/ament_cmake_ros/cmake)
[0.331s] -- Found polygon_base: 0.0.0 (/home/bfmadera/ros2_ws/install/polygon_base/share/polygon_base/cmake)
[0.334s] -- Found pluginlib: 5.1.0 (/opt/ros/humble/share/pluginlib/cmake)
[0.376s] -- Found ament_lint_auto: 0.12.10 (/opt/ros/humble/share/ament_lint_auto/cmake)
[0.467s] -- Added test 'cppcheck' to perform static code analysis on C / C++ code
[0.467s] -- Configured cppcheck include dirs: $<BUILD_INTERFACE:/home/bfmadera/ros2_ws/src/polygon_base/include>
[0.467s] -- Configured cppcheck exclude dirs and/or files: 
[0.468s] -- Added test 'lint_cmake' to check CMake code style
[0.469s] -- Added test 'uncrustify' to check C / C++ code style
[0.469s] -- Configured uncrustify additional arguments: 
[0.470s] -- Added test 'xmllint' to check XML markup files
[0.472s] -- Configuring done
[0.480s] -- Generating done
[0.481s] -- Build files have been written to: /home/bfmadera/ros2_ws/build/polygon_base
[0.507s] [35m[1mConsolidate compiler generated dependencies of target polygon_plugins[0m
[0.519s] [ 25%] [32mBuilding CXX object CMakeFiles/area_node.dir/src/area_node.cpp.o[0m
[0.522s] [ 75%] Built target polygon_plugins
[4.713s] [100%] [32m[1mLinking CXX executable area_node[0m
[4.924s] [100%] Built target area_node
[4.936s] Invoked command in '/home/bfmadera/ros2_ws/build/polygon_base' returned '0': CMAKE_PREFIX_PATH=/opt/ros/humble:${CMAKE_PREFIX_PATH} /usr/bin/cmake --build /home/bfmadera/ros2_ws/build/polygon_base -- -j8 -l8
[4.980s] Invoking command in '/home/bfmadera/ros2_ws/build/polygon_base': CMAKE_PREFIX_PATH=/opt/ros/humble:${CMAKE_PREFIX_PATH} /usr/bin/cmake --install /home/bfmadera/ros2_ws/build/polygon_base
[4.988s] -- Install configuration: "Debug"
[4.988s] -- Execute custom install script
[4.988s] -- Up-to-date symlink: /home/bfmadera/ros2_ws/install/polygon_base/share/polygon_base//plugins.xml
[4.989s] -- Symlinking: /home/bfmadera/ros2_ws/install/polygon_base/lib/polygon_base/area_node
[4.999s] -- Up-to-date symlink: /home/bfmadera/ros2_ws/install/polygon_base/include/polygon_base/regular_polygon.hpp
[4.999s] -- Up-to-date symlink: /home/bfmadera/ros2_ws/install/polygon_base/share/polygon_base/environment/library_path.sh
[4.999s] -- Up-to-date symlink: /home/bfmadera/ros2_ws/install/polygon_base/share/polygon_base/environment/library_path.dsv
[4.999s] -- Up-to-date symlink: /home/bfmadera/ros2_ws/install/polygon_base/share/ament_index/resource_index/package_run_dependencies/polygon_base
[4.999s] -- Up-to-date symlink: /home/bfmadera/ros2_ws/install/polygon_base/share/ament_index/resource_index/parent_prefix_path/polygon_base
[5.000s] -- Up-to-date symlink: /home/bfmadera/ros2_ws/install/polygon_base/share/polygon_base/environment/ament_prefix_path.sh
[5.000s] -- Up-to-date symlink: /home/bfmadera/ros2_ws/install/polygon_base/share/polygon_base/environment/ament_prefix_path.dsv
[5.000s] -- Up-to-date symlink: /home/bfmadera/ros2_ws/install/polygon_base/share/polygon_base/environment/path.sh
[5.000s] -- Up-to-date symlink: /home/bfmadera/ros2_ws/install/polygon_base/share/polygon_base/environment/path.dsv
[5.000s] -- Up-to-date symlink: /home/bfmadera/ros2_ws/install/polygon_base/share/polygon_base/local_setup.bash
[5.000s] -- Up-to-date symlink: /home/bfmadera/ros2_ws/install/polygon_base/share/polygon_base/local_setup.sh
[5.001s] -- Up-to-date symlink: /home/bfmadera/ros2_ws/install/polygon_base/share/polygon_base/local_setup.zsh
[5.001s] -- Up-to-date symlink: /home/bfmadera/ros2_ws/install/polygon_base/share/polygon_base/local_setup.dsv
[5.001s] -- Symlinking: /home/bfmadera/ros2_ws/install/polygon_base/share/polygon_base/package.dsv
[5.011s] -- Up-to-date symlink: /home/bfmadera/ros2_ws/install/polygon_base/share/ament_index/resource_index/packages/polygon_base
[5.011s] -- Up-to-date symlink: /home/bfmadera/ros2_ws/install/polygon_base/share/ament_index/resource_index/polygon_base__pluginlib__plugin/polygon_base
[5.011s] -- Up-to-date symlink: /home/bfmadera/ros2_ws/install/polygon_base/share/polygon_base/cmake/ament_cmake_export_include_directories-extras.cmake
[5.011s] -- Up-to-date symlink: /home/bfmadera/ros2_ws/install/polygon_base/share/polygon_base/cmake/ament_cmake_export_libraries-extras.cmake
[5.011s] -- Up-to-date symlink: /home/bfmadera/ros2_ws/install/polygon_base/share/polygon_base/cmake/ament_cmake_export_targets-extras.cmake
[5.012s] -- Up-to-date symlink: /home/bfmadera/ros2_ws/install/polygon_base/share/polygon_base/cmake/polygon_baseConfig.cmake
[5.012s] -- Up-to-date symlink: /home/bfmadera/ros2_ws/install/polygon_base/share/polygon_base/cmake/polygon_baseConfig-version.cmake
[5.012s] -- Up-to-date symlink: /home/bfmadera/ros2_ws/install/polygon_base/share/polygon_base/package.xml
[5.012s] -- Up-to-date: /home/bfmadera/ros2_ws/install/polygon_base/lib/libpolygon_plugins.so
[5.013s] -- Up-to-date: /home/bfmadera/ros2_ws/install/polygon_base/share/polygon_base/cmake/export_polygon_baseExport.cmake
[5.013s] -- Up-to-date: /home/bfmadera/ros2_ws/install/polygon_base/share/polygon_base/cmake/export_polygon_baseExport-debug.cmake
[5.015s] Invoked command in '/home/bfmadera/ros2_ws/build/polygon_base' returned '0': CMAKE_PREFIX_PATH=/opt/ros/humble:${CMAKE_PREFIX_PATH} /usr/bin/cmake --install /home/bfmadera/ros2_ws/build/polygon_base
