[0.103s] Invoking command in '/home/bfmadera/ros2_ws/build/more_interfaces': CMAKE_PREFIX_PATH=/home/bfmadera/ros2_ws/install/cpp_srvcli:/home/bfmadera/ros2_ws/install/cpp_pubsub:/home/bfmadera/ros2_ws/install/tutorial_interfaces:/home/bfmadera/ros2_ws/install/my_package:/home/bfmadera/ros2_ws/install/examples_rclcpp_wait_set:/home/bfmadera/ros2_ws/install/examples_rclcpp_multithreaded_executor:/home/bfmadera/ros2_ws/install/examples_rclcpp_minimal_timer:/home/bfmadera/ros2_ws/install/examples_rclcpp_minimal_subscriber:/home/bfmadera/ros2_ws/install/examples_rclcpp_minimal_service:/home/bfmadera/ros2_ws/install/examples_rclcpp_minimal_publisher:/home/bfmadera/ros2_ws/install/examples_rclcpp_minimal_composition:/home/bfmadera/ros2_ws/install/examples_rclcpp_minimal_client:/home/bfmadera/ros2_ws/install/examples_rclcpp_minimal_action_server:/home/bfmadera/ros2_ws/install/examples_rclcpp_minimal_action_client:/home/bfmadera/ros2_ws/install/examples_rclcpp_cbg_executor:/home/bfmadera/ros2_ws/install/examples_rclcpp_async_client:/home/bfmadera/ros2_ws/install/py_srvcli:/home/bfmadera/ros2_ws/install/py_pubsub:/home/bfmadera/ros2_ws/install/launch_testing_examples:/home/bfmadera/ros2_ws/install/examples_rclpy_pointcloud_publisher:/home/bfmadera/ros2_ws/install/examples_rclpy_minimal_subscriber:/home/bfmadera/ros2_ws/install/examples_rclpy_minimal_service:/home/bfmadera/ros2_ws/install/examples_rclpy_minimal_publisher:/home/bfmadera/ros2_ws/install/examples_rclpy_minimal_client:/home/bfmadera/ros2_ws/install/examples_rclpy_minimal_action_server:/home/bfmadera/ros2_ws/install/examples_rclpy_minimal_action_client:/home/bfmadera/ros2_ws/install/examples_rclpy_guard_conditions:/home/bfmadera/ros2_ws/install/examples_rclpy_executors:/opt/ros/humble:/home/bfmadera/catkin_ws/devel /usr/bin/cmake /home/bfmadera/ros2_ws/src/more_interfaces -DCMAKE_INSTALL_PREFIX=/home/bfmadera/ros2_ws/install/more_interfaces
[0.119s] -- Found ament_cmake: 1.3.7 (/opt/ros/humble/share/ament_cmake/cmake)
[0.293s] -- Found ament_lint_auto: 0.12.10 (/opt/ros/humble/share/ament_lint_auto/cmake)
[0.294s] -- Found rosidl_default_generators: 1.2.0 (/opt/ros/humble/share/rosidl_default_generators/cmake)
[0.299s] -- Using all available rosidl_typesupport_c: rosidl_typesupport_fastrtps_c;rosidl_typesupport_introspection_c
[0.302s] -- Found rosidl_adapter: 3.1.5 (/opt/ros/humble/share/rosidl_adapter/cmake)
[0.339s] -- Using all available rosidl_typesupport_cpp: rosidl_typesupport_fastrtps_cpp;rosidl_typesupport_introspection_cpp
[0.369s] -- Found rclcpp: 16.0.8 (/opt/ros/humble/share/rclcpp/cmake)
[0.445s] -- Found rmw_implementation_cmake: 6.1.1 (/opt/ros/humble/share/rmw_implementation_cmake/cmake)
[0.448s] -- Found rmw_fastrtps_cpp: 6.2.6 (/opt/ros/humble/share/rmw_fastrtps_cpp/cmake)
[0.599s] -- Using RMW implementation 'rmw_fastrtps_cpp' as default
[0.779s] [31mCMake Error at /opt/ros/humble/share/rosidl_cmake/cmake/rosidl_generate_interfaces.cmake:93 (message):
[0.780s]   rosidl_generate_interfaces() the passed file 'msg/Message1.msg' doesn't
[0.780s]   exist relative to the CMAKE_CURRENT_SOURCE_DIR
[0.780s]   '/home/bfmadera/ros2_ws/src/more_interfaces'
[0.780s] Call Stack (most recent call first):
[0.780s]   CMakeLists.txt:28 (rosidl_generate_interfaces)
[0.780s] 
[0.780s] [0m
[0.780s] -- Configuring incomplete, errors occurred!
[0.780s] See also "/home/bfmadera/ros2_ws/build/more_interfaces/CMakeFiles/CMakeOutput.log".
[0.787s] Invoked command in '/home/bfmadera/ros2_ws/build/more_interfaces' returned '1': CMAKE_PREFIX_PATH=/home/bfmadera/ros2_ws/install/cpp_srvcli:/home/bfmadera/ros2_ws/install/cpp_pubsub:/home/bfmadera/ros2_ws/install/tutorial_interfaces:/home/bfmadera/ros2_ws/install/my_package:/home/bfmadera/ros2_ws/install/examples_rclcpp_wait_set:/home/bfmadera/ros2_ws/install/examples_rclcpp_multithreaded_executor:/home/bfmadera/ros2_ws/install/examples_rclcpp_minimal_timer:/home/bfmadera/ros2_ws/install/examples_rclcpp_minimal_subscriber:/home/bfmadera/ros2_ws/install/examples_rclcpp_minimal_service:/home/bfmadera/ros2_ws/install/examples_rclcpp_minimal_publisher:/home/bfmadera/ros2_ws/install/examples_rclcpp_minimal_composition:/home/bfmadera/ros2_ws/install/examples_rclcpp_minimal_client:/home/bfmadera/ros2_ws/install/examples_rclcpp_minimal_action_server:/home/bfmadera/ros2_ws/install/examples_rclcpp_minimal_action_client:/home/bfmadera/ros2_ws/install/examples_rclcpp_cbg_executor:/home/bfmadera/ros2_ws/install/examples_rclcpp_async_client:/home/bfmadera/ros2_ws/install/py_srvcli:/home/bfmadera/ros2_ws/install/py_pubsub:/home/bfmadera/ros2_ws/install/launch_testing_examples:/home/bfmadera/ros2_ws/install/examples_rclpy_pointcloud_publisher:/home/bfmadera/ros2_ws/install/examples_rclpy_minimal_subscriber:/home/bfmadera/ros2_ws/install/examples_rclpy_minimal_service:/home/bfmadera/ros2_ws/install/examples_rclpy_minimal_publisher:/home/bfmadera/ros2_ws/install/examples_rclpy_minimal_client:/home/bfmadera/ros2_ws/install/examples_rclpy_minimal_action_server:/home/bfmadera/ros2_ws/install/examples_rclpy_minimal_action_client:/home/bfmadera/ros2_ws/install/examples_rclpy_guard_conditions:/home/bfmadera/ros2_ws/install/examples_rclpy_executors:/opt/ros/humble:/home/bfmadera/catkin_ws/devel /usr/bin/cmake /home/bfmadera/ros2_ws/src/more_interfaces -DCMAKE_INSTALL_PREFIX=/home/bfmadera/ros2_ws/install/more_interfaces
