-- Found ament_cmake: 1.3.7 (/opt/ros/humble/share/ament_cmake/cmake)
-- Override CMake install command with custom implementation using symlinks instead of copying resources
-- Found ament_lint_auto: 0.12.10 (/opt/ros/humble/share/ament_lint_auto/cmake)
-- Found rosidl_default_generators: 1.2.0 (/opt/ros/humble/share/rosidl_default_generators/cmake)
-- Using all available rosidl_typesupport_c: rosidl_typesupport_fastrtps_c;rosidl_typesupport_introspection_c
-- Found rosidl_adapter: 3.1.5 (/opt/ros/humble/share/rosidl_adapter/cmake)
-- Using all available rosidl_typesupport_cpp: rosidl_typesupport_fastrtps_cpp;rosidl_typesupport_introspection_cpp
-- Found rclcpp: 16.0.8 (/opt/ros/humble/share/rclcpp/cmake)
-- Found rmw_implementation_cmake: 6.1.1 (/opt/ros/humble/share/rmw_implementation_cmake/cmake)
-- Found rmw_fastrtps_cpp: 6.2.6 (/opt/ros/humble/share/rmw_fastrtps_cpp/cmake)
-- Using RMW implementation 'rmw_fastrtps_cpp' as default
-- Found ament_cmake_ros: 0.10.0 (/opt/ros/humble/share/ament_cmake_ros/cmake)
-- Using all available rosidl_typesupport_c: rosidl_typesupport_fastrtps_c;rosidl_typesupport_introspection_c
-- Using all available rosidl_typesupport_cpp: rosidl_typesupport_fastrtps_cpp;rosidl_typesupport_introspection_cpp
-- Found python_cmake_module: 0.10.0 (/opt/ros/humble/share/python_cmake_module/cmake)
-- Using PYTHON_EXECUTABLE: /usr/bin/python3
-- Using PYTHON_INCLUDE_DIRS: /usr/include/python3.10
-- Using PYTHON_LIBRARIES: /usr/lib/x86_64-linux-gnu/libpython3.10.so
-- Configuring done
-- Generating done
-- Build files have been written to: /home/bfmadera/ros2_ws/build/more_interfaces
[  2%] [34m[1mGenerating C code for ROS interfaces[0m
[  4%] [34m[1mGenerating C++ code for ROS interfaces[0m
[  4%] Built target ament_cmake_python_symlink_more_interfaces
running egg_info
creating more_interfaces.egg-info
writing more_interfaces.egg-info/PKG-INFO
writing dependency_links to more_interfaces.egg-info/dependency_links.txt
writing top-level names to more_interfaces.egg-info/top_level.txt
writing manifest file 'more_interfaces.egg-info/SOURCES.txt'
reading manifest file 'more_interfaces.egg-info/SOURCES.txt'
writing manifest file 'more_interfaces.egg-info/SOURCES.txt'
[  4%] Built target ament_cmake_python_build_more_interfaces_egg
[  4%] Built target more_interfaces__cpp
[  7%] [34m[1mGenerating C++ type support dispatch for ROS interfaces[0m
[  9%] [34m[1mGenerating C++ introspection for ROS interfaces[0m
[ 12%] [34m[1mGenerating C++ type support for eProsima Fast-RTPS[0m
[ 14%] [32mBuilding C object CMakeFiles/more_interfaces__rosidl_generator_c.dir/rosidl_generator_c/more_interfaces/msg/detail/address_book__functions.c.o[0m
[ 17%] [32mBuilding C object CMakeFiles/more_interfaces__rosidl_generator_c.dir/rosidl_generator_c/more_interfaces/srv/detail/service1__functions.c.o[0m
[ 19%] [32mBuilding CXX object CMakeFiles/more_interfaces__rosidl_typesupport_cpp.dir/rosidl_typesupport_cpp/more_interfaces/msg/address_book__type_support.cpp.o[0m
[ 21%] [32mBuilding CXX object CMakeFiles/more_interfaces__rosidl_typesupport_cpp.dir/rosidl_typesupport_cpp/more_interfaces/srv/service1__type_support.cpp.o[0m
[ 24%] [32mBuilding CXX object CMakeFiles/more_interfaces__rosidl_typesupport_introspection_cpp.dir/rosidl_typesupport_introspection_cpp/more_interfaces/srv/detail/service1__type_support.cpp.o[0m
[ 26%] [32mBuilding CXX object CMakeFiles/more_interfaces__rosidl_typesupport_introspection_cpp.dir/rosidl_typesupport_introspection_cpp/more_interfaces/msg/detail/address_book__type_support.cpp.o[0m
[ 29%] [32mBuilding CXX object CMakeFiles/more_interfaces__rosidl_typesupport_fastrtps_cpp.dir/rosidl_typesupport_fastrtps_cpp/more_interfaces/msg/detail/dds_fastrtps/address_book__type_support.cpp.o[0m
[ 31%] [32mBuilding CXX object CMakeFiles/more_interfaces__rosidl_typesupport_fastrtps_cpp.dir/rosidl_typesupport_fastrtps_cpp/more_interfaces/srv/detail/dds_fastrtps/service1__type_support.cpp.o[0m
[ 34%] [32m[1mLinking C shared library libmore_interfaces__rosidl_generator_c.so[0m
[ 34%] Built target more_interfaces__rosidl_generator_c
[ 36%] [34m[1mGenerating C introspection for ROS interfaces[0m
[ 39%] [34m[1mGenerating C type support for eProsima Fast-RTPS[0m
[ 41%] [32mBuilding C object CMakeFiles/more_interfaces__rosidl_typesupport_introspection_c.dir/rosidl_typesupport_introspection_c/more_interfaces/msg/detail/address_book__type_support.c.o[0m
[ 43%] [32mBuilding CXX object CMakeFiles/more_interfaces__rosidl_typesupport_fastrtps_c.dir/rosidl_typesupport_fastrtps_c/more_interfaces/msg/detail/address_book__type_support_c.cpp.o[0m
[ 46%] [32mBuilding C object CMakeFiles/more_interfaces__rosidl_typesupport_introspection_c.dir/rosidl_typesupport_introspection_c/more_interfaces/srv/detail/service1__type_support.c.o[0m
[ 48%] [32m[1mLinking C shared library libmore_interfaces__rosidl_typesupport_introspection_c.so[0m
[ 48%] Built target more_interfaces__rosidl_typesupport_introspection_c
[ 51%] [34m[1mGenerating C type support dispatch for ROS interfaces[0m
[ 53%] [32mBuilding CXX object CMakeFiles/more_interfaces__rosidl_typesupport_fastrtps_c.dir/rosidl_typesupport_fastrtps_c/more_interfaces/srv/detail/service1__type_support_c.cpp.o[0m
[ 56%] [32m[1mLinking CXX shared library libmore_interfaces__rosidl_typesupport_cpp.so[0m
[ 56%] Built target more_interfaces__rosidl_typesupport_cpp
[ 58%] [32mBuilding CXX object CMakeFiles/publish_address_book.dir/src/publish_address_book.cpp.o[0m
[ 60%] [32m[1mLinking CXX shared library libmore_interfaces__rosidl_typesupport_introspection_cpp.so[0m
[ 60%] Built target more_interfaces__rosidl_typesupport_introspection_cpp
[ 63%] [32m[1mLinking CXX shared library libmore_interfaces__rosidl_typesupport_fastrtps_cpp.so[0m
[ 65%] [32m[1mLinking CXX shared library libmore_interfaces__rosidl_typesupport_fastrtps_c.so[0m
[ 68%] [32mBuilding CXX object CMakeFiles/more_interfaces__rosidl_typesupport_c.dir/rosidl_typesupport_c/more_interfaces/msg/address_book__type_support.cpp.o[0m
[ 70%] [32mBuilding CXX object CMakeFiles/more_interfaces__rosidl_typesupport_c.dir/rosidl_typesupport_c/more_interfaces/srv/service1__type_support.cpp.o[0m
[ 73%] [32m[1mLinking CXX shared library libmore_interfaces__rosidl_typesupport_c.so[0m
[ 73%] Built target more_interfaces__rosidl_typesupport_fastrtps_cpp
[ 73%] Built target more_interfaces__rosidl_typesupport_fastrtps_c
[ 73%] Built target more_interfaces__rosidl_typesupport_c
[ 73%] Built target more_interfaces
[ 75%] [34m[1mGenerating Python code for ROS interfaces[0m
[ 75%] Built target more_interfaces__py
[ 78%] [32mBuilding C object CMakeFiles/more_interfaces__rosidl_generator_py.dir/rosidl_generator_py/more_interfaces/msg/_address_book_s.c.o[0m
[ 80%] [32mBuilding C object CMakeFiles/more_interfaces__rosidl_generator_py.dir/rosidl_generator_py/more_interfaces/srv/_service1_s.c.o[0m
[ 82%] [32m[1mLinking C shared library rosidl_generator_py/more_interfaces/libmore_interfaces__rosidl_generator_py.so[0m
[ 82%] Built target more_interfaces__rosidl_generator_py
[ 90%] [32mBuilding C object CMakeFiles/more_interfaces__rosidl_typesupport_c__pyext.dir/rosidl_generator_py/more_interfaces/_more_interfaces_s.ep.rosidl_typesupport_c.c.o[0m
[ 90%] [32mBuilding C object CMakeFiles/more_interfaces__rosidl_typesupport_fastrtps_c__pyext.dir/rosidl_generator_py/more_interfaces/_more_interfaces_s.ep.rosidl_typesupport_fastrtps_c.c.o[0m
[ 90%] [32mBuilding C object CMakeFiles/more_interfaces__rosidl_typesupport_introspection_c__pyext.dir/rosidl_generator_py/more_interfaces/_more_interfaces_s.ep.rosidl_typesupport_introspection_c.c.o[0m
[ 95%] [32m[1mLinking C shared library rosidl_generator_py/more_interfaces/more_interfaces_s__rosidl_typesupport_c.cpython-310-x86_64-linux-gnu.so[0m
[ 95%] [32m[1mLinking C shared library rosidl_generator_py/more_interfaces/more_interfaces_s__rosidl_typesupport_fastrtps_c.cpython-310-x86_64-linux-gnu.so[0m
[ 97%] [32m[1mLinking C shared library rosidl_generator_py/more_interfaces/more_interfaces_s__rosidl_typesupport_introspection_c.cpython-310-x86_64-linux-gnu.so[0m
[ 97%] Built target more_interfaces__rosidl_typesupport_c__pyext
[ 97%] Built target more_interfaces__rosidl_typesupport_introspection_c__pyext
[ 97%] Built target more_interfaces__rosidl_typesupport_fastrtps_c__pyext
[100%] [32m[1mLinking CXX executable publish_address_book[0m
[100%] Built target publish_address_book
-- Install configuration: ""
-- Execute custom install script
-- Symlinking: /home/bfmadera/ros2_ws/install/more_interfaces/share/ament_index/resource_index/rosidl_interfaces/more_interfaces
-- Symlinking: /home/bfmadera/ros2_ws/install/more_interfaces/include/more_interfaces/more_interfaces/msg/address_book.h
-- Symlinking: /home/bfmadera/ros2_ws/install/more_interfaces/include/more_interfaces/more_interfaces/msg/detail/address_book__functions.h
-- Symlinking: /home/bfmadera/ros2_ws/install/more_interfaces/include/more_interfaces/more_interfaces/msg/detail/address_book__struct.h
-- Symlinking: /home/bfmadera/ros2_ws/install/more_interfaces/include/more_interfaces/more_interfaces/msg/detail/address_book__type_support.h
-- Symlinking: /home/bfmadera/ros2_ws/install/more_interfaces/include/more_interfaces/more_interfaces/msg/rosidl_generator_c__visibility_control.h
-- Symlinking: /home/bfmadera/ros2_ws/install/more_interfaces/include/more_interfaces/more_interfaces/srv/detail/service1__functions.h
-- Symlinking: /home/bfmadera/ros2_ws/install/more_interfaces/include/more_interfaces/more_interfaces/srv/detail/service1__struct.h
-- Symlinking: /home/bfmadera/ros2_ws/install/more_interfaces/include/more_interfaces/more_interfaces/srv/detail/service1__type_support.h
-- Symlinking: /home/bfmadera/ros2_ws/install/more_interfaces/include/more_interfaces/more_interfaces/srv/service1.h
-- Symlinking: /home/bfmadera/ros2_ws/install/more_interfaces/share/more_interfaces/environment/library_path.sh
-- Symlinking: /home/bfmadera/ros2_ws/install/more_interfaces/share/more_interfaces/environment/library_path.dsv
-- Symlinking: /home/bfmadera/ros2_ws/install/more_interfaces/include/more_interfaces/more_interfaces/msg/detail/address_book__rosidl_typesupport_fastrtps_c.h
-- Symlinking: /home/bfmadera/ros2_ws/install/more_interfaces/include/more_interfaces/more_interfaces/msg/rosidl_typesupport_fastrtps_c__visibility_control.h
-- Symlinking: /home/bfmadera/ros2_ws/install/more_interfaces/include/more_interfaces/more_interfaces/srv/detail/service1__rosidl_typesupport_fastrtps_c.h
-- Symlinking: /home/bfmadera/ros2_ws/install/more_interfaces/include/more_interfaces/more_interfaces/msg/detail/address_book__rosidl_typesupport_introspection_c.h
-- Symlinking: /home/bfmadera/ros2_ws/install/more_interfaces/include/more_interfaces/more_interfaces/msg/rosidl_typesupport_introspection_c__visibility_control.h
-- Symlinking: /home/bfmadera/ros2_ws/install/more_interfaces/include/more_interfaces/more_interfaces/srv/detail/service1__rosidl_typesupport_introspection_c.h
-- Symlinking: /home/bfmadera/ros2_ws/install/more_interfaces/include/more_interfaces/more_interfaces/msg/address_book.hpp
-- Symlinking: /home/bfmadera/ros2_ws/install/more_interfaces/include/more_interfaces/more_interfaces/msg/detail/address_book__builder.hpp
-- Symlinking: /home/bfmadera/ros2_ws/install/more_interfaces/include/more_interfaces/more_interfaces/msg/detail/address_book__struct.hpp
-- Symlinking: /home/bfmadera/ros2_ws/install/more_interfaces/include/more_interfaces/more_interfaces/msg/detail/address_book__traits.hpp
-- Symlinking: /home/bfmadera/ros2_ws/install/more_interfaces/include/more_interfaces/more_interfaces/srv/detail/service1__builder.hpp
-- Symlinking: /home/bfmadera/ros2_ws/install/more_interfaces/include/more_interfaces/more_interfaces/srv/detail/service1__struct.hpp
-- Symlinking: /home/bfmadera/ros2_ws/install/more_interfaces/include/more_interfaces/more_interfaces/srv/detail/service1__traits.hpp
-- Symlinking: /home/bfmadera/ros2_ws/install/more_interfaces/include/more_interfaces/more_interfaces/srv/service1.hpp
-- Symlinking: /home/bfmadera/ros2_ws/install/more_interfaces/include/more_interfaces/more_interfaces/msg/detail/address_book__rosidl_typesupport_fastrtps_cpp.hpp
-- Symlinking: /home/bfmadera/ros2_ws/install/more_interfaces/include/more_interfaces/more_interfaces/msg/rosidl_typesupport_fastrtps_cpp__visibility_control.h
-- Symlinking: /home/bfmadera/ros2_ws/install/more_interfaces/include/more_interfaces/more_interfaces/srv/detail/service1__rosidl_typesupport_fastrtps_cpp.hpp
-- Symlinking: /home/bfmadera/ros2_ws/install/more_interfaces/include/more_interfaces/more_interfaces/msg/detail/address_book__rosidl_typesupport_introspection_cpp.hpp
-- Symlinking: /home/bfmadera/ros2_ws/install/more_interfaces/include/more_interfaces/more_interfaces/srv/detail/service1__rosidl_typesupport_introspection_cpp.hpp
-- Symlinking: /home/bfmadera/ros2_ws/install/more_interfaces/share/more_interfaces/environment/pythonpath.sh
-- Symlinking: /home/bfmadera/ros2_ws/install/more_interfaces/share/more_interfaces/environment/pythonpath.dsv
-- Symlinking: /home/bfmadera/ros2_ws/install/more_interfaces/local/lib/python3.10/dist-packages/more_interfaces-0.0.0-py3.10.egg-info/PKG-INFO
-- Symlinking: /home/bfmadera/ros2_ws/install/more_interfaces/local/lib/python3.10/dist-packages/more_interfaces-0.0.0-py3.10.egg-info/SOURCES.txt
-- Symlinking: /home/bfmadera/ros2_ws/install/more_interfaces/local/lib/python3.10/dist-packages/more_interfaces-0.0.0-py3.10.egg-info/dependency_links.txt
-- Symlinking: /home/bfmadera/ros2_ws/install/more_interfaces/local/lib/python3.10/dist-packages/more_interfaces-0.0.0-py3.10.egg-info/top_level.txt
-- Symlinking: /home/bfmadera/ros2_ws/install/more_interfaces/local/lib/python3.10/dist-packages/more_interfaces/__init__.py
-- Symlinking: /home/bfmadera/ros2_ws/install/more_interfaces/local/lib/python3.10/dist-packages/more_interfaces/_more_interfaces_s.ep.rosidl_typesupport_c.c
-- Symlinking: /home/bfmadera/ros2_ws/install/more_interfaces/local/lib/python3.10/dist-packages/more_interfaces/_more_interfaces_s.ep.rosidl_typesupport_fastrtps_c.c
-- Symlinking: /home/bfmadera/ros2_ws/install/more_interfaces/local/lib/python3.10/dist-packages/more_interfaces/_more_interfaces_s.ep.rosidl_typesupport_introspection_c.c
-- Symlinking: /home/bfmadera/ros2_ws/install/more_interfaces/local/lib/python3.10/dist-packages/more_interfaces/libmore_interfaces__rosidl_generator_py.so
-- Symlinking: /home/bfmadera/ros2_ws/install/more_interfaces/local/lib/python3.10/dist-packages/more_interfaces/more_interfaces_s__rosidl_typesupport_c.cpython-310-x86_64-linux-gnu.so
-- Symlinking: /home/bfmadera/ros2_ws/install/more_interfaces/local/lib/python3.10/dist-packages/more_interfaces/more_interfaces_s__rosidl_typesupport_fastrtps_c.cpython-310-x86_64-linux-gnu.so
-- Symlinking: /home/bfmadera/ros2_ws/install/more_interfaces/local/lib/python3.10/dist-packages/more_interfaces/more_interfaces_s__rosidl_typesupport_introspection_c.cpython-310-x86_64-linux-gnu.so
-- Symlinking: /home/bfmadera/ros2_ws/install/more_interfaces/local/lib/python3.10/dist-packages/more_interfaces/msg/__init__.py
-- Symlinking: /home/bfmadera/ros2_ws/install/more_interfaces/local/lib/python3.10/dist-packages/more_interfaces/msg/_address_book.py
-- Symlinking: /home/bfmadera/ros2_ws/install/more_interfaces/local/lib/python3.10/dist-packages/more_interfaces/msg/_address_book_s.c
-- Symlinking: /home/bfmadera/ros2_ws/install/more_interfaces/local/lib/python3.10/dist-packages/more_interfaces/srv/__init__.py
-- Symlinking: /home/bfmadera/ros2_ws/install/more_interfaces/local/lib/python3.10/dist-packages/more_interfaces/srv/_service1.py
-- Symlinking: /home/bfmadera/ros2_ws/install/more_interfaces/local/lib/python3.10/dist-packages/more_interfaces/srv/_service1_s.c
-- Up-to-date symlink: /home/bfmadera/ros2_ws/install/more_interfaces/local/lib/python3.10/dist-packages/more_interfaces/more_interfaces_s__rosidl_typesupport_fastrtps_c.cpython-310-x86_64-linux-gnu.so
-- Up-to-date symlink: /home/bfmadera/ros2_ws/install/more_interfaces/local/lib/python3.10/dist-packages/more_interfaces/more_interfaces_s__rosidl_typesupport_introspection_c.cpython-310-x86_64-linux-gnu.so
-- Up-to-date symlink: /home/bfmadera/ros2_ws/install/more_interfaces/local/lib/python3.10/dist-packages/more_interfaces/more_interfaces_s__rosidl_typesupport_c.cpython-310-x86_64-linux-gnu.so
-- Symlinking: /home/bfmadera/ros2_ws/install/more_interfaces/share/more_interfaces/msg/AddressBook.idl
-- Symlinking: /home/bfmadera/ros2_ws/install/more_interfaces/share/more_interfaces/srv/Service1.idl
-- Symlinking: /home/bfmadera/ros2_ws/install/more_interfaces/share/more_interfaces/msg/AddressBook.msg
-- Symlinking: /home/bfmadera/ros2_ws/install/more_interfaces/share/more_interfaces/srv/Service1.srv
-- Symlinking: /home/bfmadera/ros2_ws/install/more_interfaces/share/more_interfaces/srv/Service1_Request.msg
-- Symlinking: /home/bfmadera/ros2_ws/install/more_interfaces/share/more_interfaces/srv/Service1_Response.msg
-- Symlinking: /home/bfmadera/ros2_ws/install/more_interfaces/lib/more_interfaces/publish_address_book
-- Symlinking: /home/bfmadera/ros2_ws/install/more_interfaces/share/ament_index/resource_index/package_run_dependencies/more_interfaces
-- Symlinking: /home/bfmadera/ros2_ws/install/more_interfaces/share/ament_index/resource_index/parent_prefix_path/more_interfaces
-- Symlinking: /home/bfmadera/ros2_ws/install/more_interfaces/share/more_interfaces/environment/ament_prefix_path.sh
-- Symlinking: /home/bfmadera/ros2_ws/install/more_interfaces/share/more_interfaces/environment/ament_prefix_path.dsv
-- Symlinking: /home/bfmadera/ros2_ws/install/more_interfaces/share/more_interfaces/environment/path.sh
-- Symlinking: /home/bfmadera/ros2_ws/install/more_interfaces/share/more_interfaces/environment/path.dsv
-- Symlinking: /home/bfmadera/ros2_ws/install/more_interfaces/share/more_interfaces/local_setup.bash
-- Symlinking: /home/bfmadera/ros2_ws/install/more_interfaces/share/more_interfaces/local_setup.sh
-- Symlinking: /home/bfmadera/ros2_ws/install/more_interfaces/share/more_interfaces/local_setup.zsh
-- Symlinking: /home/bfmadera/ros2_ws/install/more_interfaces/share/more_interfaces/local_setup.dsv
-- Symlinking: /home/bfmadera/ros2_ws/install/more_interfaces/share/more_interfaces/package.dsv
-- Symlinking: /home/bfmadera/ros2_ws/install/more_interfaces/share/ament_index/resource_index/packages/more_interfaces
-- Symlinking: /home/bfmadera/ros2_ws/install/more_interfaces/share/more_interfaces/cmake/rosidl_cmake-extras.cmake
-- Symlinking: /home/bfmadera/ros2_ws/install/more_interfaces/share/more_interfaces/cmake/ament_cmake_export_include_directories-extras.cmake
-- Symlinking: /home/bfmadera/ros2_ws/install/more_interfaces/share/more_interfaces/cmake/ament_cmake_export_libraries-extras.cmake
-- Symlinking: /home/bfmadera/ros2_ws/install/more_interfaces/share/more_interfaces/cmake/ament_cmake_export_targets-extras.cmake
-- Symlinking: /home/bfmadera/ros2_ws/install/more_interfaces/share/more_interfaces/cmake/rosidl_cmake_export_typesupport_targets-extras.cmake
-- Symlinking: /home/bfmadera/ros2_ws/install/more_interfaces/share/more_interfaces/cmake/ament_cmake_export_dependencies-extras.cmake
-- Symlinking: /home/bfmadera/ros2_ws/install/more_interfaces/share/more_interfaces/cmake/rosidl_cmake_export_typesupport_libraries-extras.cmake
-- Symlinking: /home/bfmadera/ros2_ws/install/more_interfaces/share/more_interfaces/cmake/more_interfacesConfig.cmake
-- Symlinking: /home/bfmadera/ros2_ws/install/more_interfaces/share/more_interfaces/cmake/more_interfacesConfig-version.cmake
-- Symlinking: /home/bfmadera/ros2_ws/install/more_interfaces/share/more_interfaces/package.xml
-- Installing: /home/bfmadera/ros2_ws/install/more_interfaces/lib/libmore_interfaces__rosidl_generator_c.so
-- Set runtime path of "/home/bfmadera/ros2_ws/install/more_interfaces/lib/libmore_interfaces__rosidl_generator_c.so" to ""
-- Installing: /home/bfmadera/ros2_ws/install/more_interfaces/lib/libmore_interfaces__rosidl_typesupport_fastrtps_c.so
-- Set runtime path of "/home/bfmadera/ros2_ws/install/more_interfaces/lib/libmore_interfaces__rosidl_typesupport_fastrtps_c.so" to ""
-- Installing: /home/bfmadera/ros2_ws/install/more_interfaces/lib/libmore_interfaces__rosidl_typesupport_introspection_c.so
-- Set runtime path of "/home/bfmadera/ros2_ws/install/more_interfaces/lib/libmore_interfaces__rosidl_typesupport_introspection_c.so" to ""
-- Installing: /home/bfmadera/ros2_ws/install/more_interfaces/lib/libmore_interfaces__rosidl_typesupport_c.so
-- Set runtime path of "/home/bfmadera/ros2_ws/install/more_interfaces/lib/libmore_interfaces__rosidl_typesupport_c.so" to ""
-- Installing: /home/bfmadera/ros2_ws/install/more_interfaces/lib/libmore_interfaces__rosidl_typesupport_fastrtps_cpp.so
-- Set runtime path of "/home/bfmadera/ros2_ws/install/more_interfaces/lib/libmore_interfaces__rosidl_typesupport_fastrtps_cpp.so" to ""
-- Installing: /home/bfmadera/ros2_ws/install/more_interfaces/lib/libmore_interfaces__rosidl_typesupport_introspection_cpp.so
-- Set runtime path of "/home/bfmadera/ros2_ws/install/more_interfaces/lib/libmore_interfaces__rosidl_typesupport_introspection_cpp.so" to ""
-- Installing: /home/bfmadera/ros2_ws/install/more_interfaces/lib/libmore_interfaces__rosidl_typesupport_cpp.so
-- Set runtime path of "/home/bfmadera/ros2_ws/install/more_interfaces/lib/libmore_interfaces__rosidl_typesupport_cpp.so" to ""
Listing '/home/bfmadera/ros2_ws/install/more_interfaces/local/lib/python3.10/dist-packages/more_interfaces'...
Compiling '/home/bfmadera/ros2_ws/install/more_interfaces/local/lib/python3.10/dist-packages/more_interfaces/__init__.py'...
Listing '/home/bfmadera/ros2_ws/install/more_interfaces/local/lib/python3.10/dist-packages/more_interfaces/msg'...
Compiling '/home/bfmadera/ros2_ws/install/more_interfaces/local/lib/python3.10/dist-packages/more_interfaces/msg/__init__.py'...
Compiling '/home/bfmadera/ros2_ws/install/more_interfaces/local/lib/python3.10/dist-packages/more_interfaces/msg/_address_book.py'...
Listing '/home/bfmadera/ros2_ws/install/more_interfaces/local/lib/python3.10/dist-packages/more_interfaces/srv'...
Compiling '/home/bfmadera/ros2_ws/install/more_interfaces/local/lib/python3.10/dist-packages/more_interfaces/srv/__init__.py'...
Compiling '/home/bfmadera/ros2_ws/install/more_interfaces/local/lib/python3.10/dist-packages/more_interfaces/srv/_service1.py'...
-- Installing: /home/bfmadera/ros2_ws/install/more_interfaces/lib/libmore_interfaces__rosidl_generator_py.so
-- Set runtime path of "/home/bfmadera/ros2_ws/install/more_interfaces/lib/libmore_interfaces__rosidl_generator_py.so" to ""
-- Installing: /home/bfmadera/ros2_ws/install/more_interfaces/share/more_interfaces/cmake/export_more_interfaces__rosidl_generator_cExport.cmake
-- Installing: /home/bfmadera/ros2_ws/install/more_interfaces/share/more_interfaces/cmake/export_more_interfaces__rosidl_generator_cExport-noconfig.cmake
-- Installing: /home/bfmadera/ros2_ws/install/more_interfaces/share/more_interfaces/cmake/export_more_interfaces__rosidl_typesupport_fastrtps_cExport.cmake
-- Installing: /home/bfmadera/ros2_ws/install/more_interfaces/share/more_interfaces/cmake/export_more_interfaces__rosidl_typesupport_fastrtps_cExport-noconfig.cmake
-- Installing: /home/bfmadera/ros2_ws/install/more_interfaces/share/more_interfaces/cmake/more_interfaces__rosidl_typesupport_introspection_cExport.cmake
-- Installing: /home/bfmadera/ros2_ws/install/more_interfaces/share/more_interfaces/cmake/more_interfaces__rosidl_typesupport_introspection_cExport-noconfig.cmake
-- Installing: /home/bfmadera/ros2_ws/install/more_interfaces/share/more_interfaces/cmake/more_interfaces__rosidl_typesupport_cExport.cmake
-- Installing: /home/bfmadera/ros2_ws/install/more_interfaces/share/more_interfaces/cmake/more_interfaces__rosidl_typesupport_cExport-noconfig.cmake
-- Installing: /home/bfmadera/ros2_ws/install/more_interfaces/share/more_interfaces/cmake/export_more_interfaces__rosidl_generator_cppExport.cmake
-- Installing: /home/bfmadera/ros2_ws/install/more_interfaces/share/more_interfaces/cmake/export_more_interfaces__rosidl_typesupport_fastrtps_cppExport.cmake
-- Installing: /home/bfmadera/ros2_ws/install/more_interfaces/share/more_interfaces/cmake/export_more_interfaces__rosidl_typesupport_fastrtps_cppExport-noconfig.cmake
-- Installing: /home/bfmadera/ros2_ws/install/more_interfaces/share/more_interfaces/cmake/more_interfaces__rosidl_typesupport_introspection_cppExport.cmake
-- Installing: /home/bfmadera/ros2_ws/install/more_interfaces/share/more_interfaces/cmake/more_interfaces__rosidl_typesupport_introspection_cppExport-noconfig.cmake
-- Installing: /home/bfmadera/ros2_ws/install/more_interfaces/share/more_interfaces/cmake/more_interfaces__rosidl_typesupport_cppExport.cmake
-- Installing: /home/bfmadera/ros2_ws/install/more_interfaces/share/more_interfaces/cmake/more_interfaces__rosidl_typesupport_cppExport-noconfig.cmake
-- Installing: /home/bfmadera/ros2_ws/install/more_interfaces/share/more_interfaces/cmake/export_more_interfaces__rosidl_generator_pyExport.cmake
-- Installing: /home/bfmadera/ros2_ws/install/more_interfaces/share/more_interfaces/cmake/export_more_interfaces__rosidl_generator_pyExport-noconfig.cmake
