-- Found ament_cmake: 1.3.7 (/opt/ros/humble/share/ament_cmake/cmake)
-- Found ament_lint_auto: 0.12.10 (/opt/ros/humble/share/ament_lint_auto/cmake)
-- Added test 'copyright' to check source files copyright and LICENSE
-- Added test 'cppcheck' to perform static code analysis on C / C++ code
-- Configured cppcheck include dirs: 
-- Configured cppcheck exclude dirs and/or files: 
-- Added test 'cpplint' to check C / C++ code against the Google style
-- Configured cpplint exclude dirs and/or files: 
-- Added test 'lint_cmake' to check CMake code style
-- Added test 'uncrustify' to check C / C++ code style
-- Configured uncrustify additional arguments: 
-- Added test 'xmllint' to check XML markup files
-- Configuring done
-- Generating done
-- Build files have been written to: /home/bfmadera/ros2_ws/build/polygon_base
-- Install configuration: ""
-- Up-to-date: /home/bfmadera/ros2_ws/install/polygon_base/share/ament_index/resource_index/package_run_dependencies/polygon_base
-- Up-to-date: /home/bfmadera/ros2_ws/install/polygon_base/share/ament_index/resource_index/parent_prefix_path/polygon_base
-- Up-to-date: /home/bfmadera/ros2_ws/install/polygon_base/share/polygon_base/environment/ament_prefix_path.sh
-- Installing: /home/bfmadera/ros2_ws/install/polygon_base/share/polygon_base/environment/ament_prefix_path.dsv
-- Up-to-date: /home/bfmadera/ros2_ws/install/polygon_base/share/polygon_base/environment/path.sh
-- Installing: /home/bfmadera/ros2_ws/install/polygon_base/share/polygon_base/environment/path.dsv
-- Up-to-date: /home/bfmadera/ros2_ws/install/polygon_base/share/polygon_base/local_setup.bash
-- Up-to-date: /home/bfmadera/ros2_ws/install/polygon_base/share/polygon_base/local_setup.sh
-- Up-to-date: /home/bfmadera/ros2_ws/install/polygon_base/share/polygon_base/local_setup.zsh
-- Installing: /home/bfmadera/ros2_ws/install/polygon_base/share/polygon_base/local_setup.dsv
-- Installing: /home/bfmadera/ros2_ws/install/polygon_base/share/polygon_base/package.dsv
-- Up-to-date: /home/bfmadera/ros2_ws/install/polygon_base/share/ament_index/resource_index/packages/polygon_base
-- Up-to-date: /home/bfmadera/ros2_ws/install/polygon_base/share/polygon_base/cmake/polygon_baseConfig.cmake
-- Up-to-date: /home/bfmadera/ros2_ws/install/polygon_base/share/polygon_base/cmake/polygon_baseConfig-version.cmake
-- Up-to-date: /home/bfmadera/ros2_ws/install/polygon_base/share/polygon_base/package.xml
